15.1
24.6
15.0
16.0
22.5
14.9
14.7
15.5
18.4
15.5
17.1
15.9
45.2
40.9
14.2
15.9
18.0
33.9
22.0
21.3
27.4
19.0
46.1
42.3
42.4
15.9
15.9
16.5
16.8
19.0
15.7
19.1
19.4
17.0
19.3
16.8
15.9
17.6
18.6
18.9
18.1
17.9
17.3
17.5
18.5
16.6
17.0
16.7
18.4
18.5
32.2
17.3
15.6
17.1
17.9
17.0
18.3
15.2
17.0
31.3
17.7
25.0
15.7
19.0
19.3
17.9
33.0
18.9
44.0
16.6
16.8
43.4
16.6
15.7
15.9
16.1
16.5
19.1
17.4
14.8
16.1
16.9
18.9
16.1
18.7
18.3
15.8
17.1
17.4
19.3
17.1
19.4
19.6
43.1
17.8
15.7
15.8
18.0
17.9
25.3
