72.3
72.3
72.4
72.3
72.4
73.3
73.3
72.6
72.4
72.5
73.3
73.6
73.2
73.4
73.5
73.3
72.5
73.5
73.4
73.4
72.5
73.3
72.4
72.5
72.4
72.6
73.6
72.4
72.4
72.5
72.3
85.2
72.4
73.3
72.6
73.3
73.3
73.3
72.5
72.4
73.3
73.4
73.3
73.3
73.4
73.3
72.4
73.5
73.2
72.4
73.4
73.2
72.4
73.5
72.4
73.4
73.3
73.3
73.4
73.9
73.3
73.2
73.3
73.3
73.4
73.4
72.4
73.4
73.3
73.4
73.3
73.5
73.2
73.4
73.2
72.4
99.1
72.6
73.4
73.2
73.7
73.4
73.3
73.6
73.2
73.3
73.3
73.3
72.5
73.4
73.3
73.5
73.3
73.3
72.4
73.4
73.3
73.2
73.4
73.2
