29.6
28.2
28.2
29.6
28.2
29.6
28.3
29.5
28.2
28.3
29.6
28.3
28.2
28.3
29.5
28.2
29.6
28.2
29.5
29.6
29.6
29.5
28.3
28.4
28.3
29.9
29.9
28.2
29.6
29.6
28.3
29.8
28.2
28.2
28.3
28.2
28.3
28.2
29.6
29.5
28.3
28.2
28.3
29.5
28.2
28.3
28.4
29.6
28.2
28.3
29.6
28.2
29.5
29.6
29.5
28.3
28.3
28.2
29.7
29.5
28.2
29.5
28.2
29.6
29.7
28.2
28.2
29.6
28.2
29.6
28.2
28.2
28.3
28.2
29.6
28.2
29.5
29.7
28.3
29.6
29.6
29.6
28.2
29.6
29.5
29.5
28.1
28.3
29.5
29.5
28.2
28.3
29.6
28.3
29.5
29.7
29.5
29.7
29.5
28.2
