23.7
23.7
23.8
24.5
23.7
23.7
24.7
24.6
23.6
23.6
23.7
24.8
24.7
26.8
26.8
26.7
26.7
25.6
25.7
25.6
26.6
25.6
25.6
25.6
26.6
25.7
26.7
25.8
25.8
25.6
25.6
26.7
25.6
26.6
26.6
26.6
26.7
25.7
25.5
26.7
26.5
25.7
25.6
25.7
26.7
26.7
25.7
25.6
26.6
25.7
26.6
25.6
25.7
25.6
25.7
26.9
26.6
26.6
26.9
26.6
26.6
25.7
25.6
25.8
26.6
25.7
26.6
26.7
26.7
25.6
25.6
26.6
26.8
26.6
25.7
24.6
24.8
23.6
23.5
23.6
23.7
24.8
23.7
23.8
23.6
24.6
24.6
24.8
23.7
24.8
24.7
23.6
23.7
23.7
23.7
24.7
23.6
24.7
24.7
23.8
