71.9
71.8
72.9
72.0
72.0
72.9
72.8
72.8
71.9
72.8
72.7
72.9
72.0
71.8
71.9
71.9
72.9
72.9
72.9
71.9
72.1
72.8
73.3
72.8
72.9
72.0
71.8
84.8
72.8
72.1
72.1
84.9
72.7
71.8
72.0
73.1
71.8
72.8
71.7
71.9
71.8
71.9
71.9
72.0
72.8
71.8
72.8
72.8
71.9
72.8
72.1
71.9
72.9
71.9
71.9
72.9
72.8
72.8
72.7
72.0
72.8
72.8
72.8
72.0
72.7
71.8
71.9
71.9
72.0
72.8
72.8
72.1
71.9
73.0
72.0
71.9
73.0
71.9
73.2
71.9
72.0
71.9
73.0
71.8
72.9
71.8
72.0
72.0
73.0
71.8
71.9
72.0
73.0
71.8
72.8
73.3
71.9
72.7
71.8
71.9
