80.4
79.6
79.6
80.1
80.1
79.9
80.3
79.8
80.5
79.9
80.0
79.7
79.6
79.6
80.2
80.3
79.9
79.7
79.8
80.5
79.6
86.0
84.0
80.1
79.8
79.8
79.7
79.7
79.6
80.1
79.8
79.6
79.9
80.0
79.7
79.8
79.5
80.1
80.5
80.3
80.1
79.7
80.1
80.2
80.2
80.0
79.9
79.7
79.8
80.0
79.8
80.1
80.3
79.7
80.0
79.9
79.8
79.9
80.6
80.1
80.4
79.9
79.7
79.3
80.2
79.9
80.3
81.2
88.4
80.9
80.0
79.6
80.4
79.4
80.0
80.0
79.9
80.1
80.0
80.3
79.2
80.1
79.6
79.6
79.3
79.8
80.4
80.2
80.1
80.0
80.3
80.2
79.5
79.5
79.3
79.6
80.1
80.6
79.7
80.0
