72.9
72.7
73.6
72.7
73.0
72.7
71.8
71.9
71.9
73.0
72.8
71.8
72.7
71.9
72.8
72.8
71.9
71.9
71.8
71.8
72.8
72.0
72.9
72.8
72.9
72.1
72.7
84.7
72.8
71.9
71.9
84.8
72.8
72.7
72.8
72.9
71.9
71.8
71.9
72.9
72.9
72.8
71.9
71.9
71.9
72.8
72.8
72.8
71.8
72.8
72.8
71.9
72.7
72.7
72.9
71.9
72.9
72.8
71.9
72.0
72.7
72.8
72.8
72.0
73.0
72.7
72.7
72.8
72.0
71.8
71.8
71.9
72.8
71.9
72.9
71.9
72.8
72.9
72.8
72.7
72.7
72.9
72.0
72.7
72.8
72.9
71.8
72.8
71.9
71.9
71.9
72.8
72.7
72.7
72.9
72.7
71.9
72.9
71.9
71.9
