16.8
19.6
16.7
16.8
16.8
19.5
19.7
16.8
19.5
16.8
19.6
19.5
16.8
19.6
16.8
16.8
16.9
19.5
19.6
19.5
17.5
31.0
17.6
90.6
19.7
19.4
19.6
16.9
19.4
19.5
16.7
19.6
19.5
19.6
19.6
19.5
19.6
19.5
19.5
19.6
19.5
16.8
16.7
16.9
16.7
16.8
19.7
16.8
19.6
16.7
19.6
16.9
19.5
16.9
19.5
16.9
16.7
16.8
17.0
17.0
19.6
19.5
19.5
19.8
19.4
19.6
16.9
19.7
19.5
19.5
30.8
19.6
16.9
16.8
16.8
16.8
16.9
19.4
19.8
19.5
19.6
16.7
16.9
19.5
16.7
16.7
16.8
16.9
17.0
19.5
19.5
16.7
16.8
16.8
19.5
19.5
19.5
16.8
19.5
17.0
