7.26
7.26
7.28
7.24
7.23
7.36
7.29
7.42
7.21
7.40
7.30
7.28
7.25
7.34
7.21
7.21
7.30
7.30
7.22
7.26
7.43
7.28
7.19
7.25
7.16
7.33
7.30
7.14
7.17
7.30
7.19
7.34
7.34
7.36
7.26
7.24
7.24
7.22
7.27
7.29
7.17
7.18
7.20
7.21
7.36
7.33
7.32
7.14
7.25
7.42
7.21
7.29
7.19
7.34
7.37
7.19
7.24
7.32
7.41
7.31
7.21
7.24
7.19
7.32
7.21
7.25
7.24
7.24
7.22
7.17
7.21
7.37
7.29
7.30
7.23
7.34
7.24
7.23
7.33
7.14
7.27
7.16
7.26
7.27
7.30
7.21
7.24
7.23
7.21
7.29
7.20
7.18
7.25
7.25
7.25
7.37
7.38
7.15
7.25
7.23
