7.26
7.22
7.33
7.19
7.26
7.24
7.26
7.21
7.21
7.33
7.19
7.27
7.26
7.24
7.20
7.15
7.26
7.25
7.27
7.28
7.27
7.26
7.22
7.21
7.25
7.26
7.17
7.24
7.17
7.25
7.24
7.19
7.28
7.17
7.27
7.26
7.29
7.16
7.20
7.19
7.19
7.16
7.16
7.24
7.26
7.31
7.21
7.30
7.25
7.26
7.62
7.27
7.21
7.30
7.24
7.27
7.25
7.38
7.23
7.15
7.25
7.27
7.33
7.21
7.18
7.37
7.25
7.09
7.56
7.09
7.24
7.26
7.24
7.23
7.21
7.24
7.23
7.22
7.18
7.20
7.17
7.26
7.20
7.25
7.24
7.33
7.23
7.24
7.20
7.31
7.31
7.15
7.17
7.28
7.33
7.15
7.28
7.29
7.31
7.41
