19.8
18.6
18.7
18.5
17.4
19.9
23.3
18.0
17.8
17.4
19.8
19.1
47.1
43.6
19.4
16.9
17.3
36.0
17.2
39.4
21.1
18.0
44.9
47.4
34.0
19.1
18.2
17.7
18.3
17.9
16.8
17.3
18.2
17.7
22.6
17.2
17.1
17.6
16.4
18.6
19.1
18.1
16.6
17.9
16.6
17.6
19.9
17.5
22.7
20.3
25.3
19.2
20.6
21.9
19.9
22.3
23.6
18.0
19.0
19.0
18.6
18.8
20.1
18.2
20.4
24.0
27.5
20.0
42.5
20.4
18.4
44.5
17.4
17.8
18.5
17.1
17.4
17.5
16.6
17.0
17.6
18.3
17.6
17.8
16.1
17.5
18.6
18.2
20.3
16.8
16.4
17.5
19.4
45.2
18.4
16.9
18.2
17.6
17.7
18.0
