34.1
33.0
32.9
33.0
33.1
33.1
34.4
33.3
33.1
34.4
34.3
32.9
33.1
33.0
33.1
34.4
32.9
34.5
32.9
33.0
34.4
33.1
32.9
34.3
34.3
34.5
34.5
34.3
34.4
33.1
34.5
33.0
33.1
34.5
33.0
33.1
34.3
34.5
34.5
32.9
33.1
34.4
34.6
33.0
34.6
32.8
33.0
34.4
33.2
33.1
32.9
33.0
33.0
32.8
33.0
33.1
34.2
32.9
33.1
34.3
33.0
34.3
34.4
34.4
32.9
34.2
32.8
32.8
34.1
33.1
32.9
32.9
34.5
33.1
34.4
32.9
33.1
33.1
33.0
32.9
33.2
33.0
33.1
33.0
34.5
32.9
33.0
33.1
33.0
33.1
33.1
33.2
34.2
33.1
34.4
52.9
34.2
34.4
33.0
34.2
