40.5
40.4
40.4
39.4
39.3
40.6
39.3
40.3
40.3
39.3
40.4
40.2
40.3
40.5
40.3
40.1
40.6
39.6
39.5
40.5
40.5
40.5
40.4
39.4
40.3
40.3
40.2
39.2
40.6
39.4
52.5
52.2
39.3
40.4
40.4
40.4
40.2
39.3
40.5
40.2
41.3
40.4
39.7
40.5
40.3
40.5
40.6
39.5
39.5
40.4
39.3
40.2
39.4
40.3
40.3
40.3
40.2
39.4
40.5
40.6
40.3
39.4
39.3
39.7
40.2
40.3
39.3
40.5
40.4
40.2
39.3
40.5
40.6
40.5
40.4
39.2
40.4
40.4
40.3
40.2
39.4
40.2
39.3
40.4
40.2
39.6
40.3
40.4
40.2
39.5
40.3
40.2
40.4
40.5
40.2
39.4
39.3
39.3
40.1
40.4
