23.4
22.6
22.5
22.6
22.6
22.5
22.5
22.5
22.4
22.5
22.5
22.5
22.5
22.4
22.5
22.6
22.5
22.5
22.4
22.4
22.4
22.6
22.6
22.7
22.5
22.6
22.6
22.5
22.7
22.6
22.5
22.4
22.5
22.6
22.5
22.6
22.5
22.5
22.5
22.6
22.6
22.6
22.6
22.6
22.5
22.5
22.6
22.5
22.4
22.6
22.5
22.6
22.7
22.6
22.6
22.5
22.6
22.4
22.5
22.4
22.5
22.6
22.6
22.6
22.6
22.6
22.5
22.6
22.5
22.5
22.4
22.5
22.4
22.5
22.6
22.5
22.6
22.5
22.6
22.6
22.5
22.6
22.6
22.6
22.5
22.6
22.5
22.6
22.6
22.5
22.4
22.5
22.6
22.5
22.6
22.5
22.5
22.6
22.5
22.5
