81.4
81.3
81.2
81.5
81.1
81.1
81.0
81.4
81.1
81.3
81.2
81.2
81.3
81.5
81.4
81.3
81.4
81.4
81.3
81.0
81.2
84.4
81.0
81.0
81.3
81.2
81.1
81.0
81.5
81.5
81.2
81.3
82.3
81.4
88.1
82.2
80.8
81.3
81.4
81.3
81.0
81.4
81.3
81.2
81.5
81.3
81.1
81.5
81.3
81.0
81.7
81.2
81.3
81.4
81.1
81.2
81.0
81.2
81.0
81.1
81.2
80.9
81.1
81.5
80.9
81.2
81.4
81.4
81.2
81.5
81.1
81.3
81.0
81.1
81.2
81.5
81.4
81.0
81.5
81.6
81.3
81.6
81.9
82.9
82.4
81.2
81.2
81.0
81.2
81.3
81.2
81.8
82.3
81.4
81.4
81.2
81.3
81.3
81.2
81.4
