83.2
83.3
82.9
83.3
83.0
83.3
83.4
83.6
83.5
83.6
83.6
83.4
83.2
83.1
83.5
82.5
82.8
83.5
83.3
82.6
83.5
82.5
82.6
83.4
83.4
83.9
83.2
82.7
83.4
83.0
82.9
83.0
83.5
82.7
83.0
82.7
82.8
83.2
83.7
83.0
83.5
82.9
83.5
83.5
82.8
83.6
85.0
83.3
83.5
83.0
83.0
83.5
82.9
83.5
83.0
82.7
82.7
82.9
83.2
83.0
83.7
83.7
83.0
83.2
83.3
83.3
83.9
83.5
83.1
83.1
82.9
82.5
82.7
83.2
83.5
83.1
82.7
82.6
83.0
82.7
83.0
83.2
83.1
83.1
83.6
82.5
83.3
83.2
84.0
83.0
83.2
83.5
82.7
83.0
83.2
83.4
83.2
83.5
82.5
82.5
