82.5
82.5
82.5
82.8
82.7
82.1
82.1
82.6
82.9
82.6
82.5
82.3
82.5
82.3
82.6
82.4
82.2
82.5
82.5
82.2
82.4
82.4
82.2
82.5
82.8
82.2
82.4
82.3
82.3
82.6
82.4
82.3
82.3
82.2
82.7
82.2
82.5
82.2
82.2
82.6
82.7
82.2
82.7
82.1
82.6
82.0
82.6
82.2
82.5
82.2
82.8
82.3
82.5
82.5
82.6
82.5
82.2
82.3
82.3
82.5
82.4
82.5
82.2
82.5
82.7
82.4
82.0
82.6
82.9
82.2
82.0
82.5
82.3
82.4
81.9
82.4
82.9
82.0
82.2
82.1
82.7
82.8
82.2
81.8
82.4
82.2
83.0
82.9
82.3
82.5
82.4
82.2
82.6
82.2
82.4
82.3
82.2
82.0
82.1
82.4
