87.0
87.2
87.1
87.4
87.1
87.3
87.4
87.3
88.4
86.8
86.3
86.6
87.1
95.6
95.4
95.6
95.6
95.5
95.6
95.6
95.4
95.6
95.7
95.2
95.2
95.6
95.5
95.5
95.6
95.6
95.4
96.0
95.4
95.3
95.5
95.8
95.4
95.7
95.7
95.5
95.5
95.6
95.7
95.6
95.5
95.8
95.3
95.4
95.6
95.7
95.9
95.5
95.7
96.2
97.1
95.7
95.6
95.8
95.7
95.7
95.5
95.9
95.6
95.7
95.8
95.9
95.5
95.6
95.5
95.6
95.7
95.6
95.6
95.5
95.7
95.6
95.5
95.6
95.5
95.4
95.5
95.5
95.8
95.9
95.6
95.8
95.6
95.7
95.8
95.6
95.7
95.5
95.6
95.7
95.6
95.7
95.7
95.7
95.5
95.6
