91.8
92.1
91.7
91.8
91.6
91.8
91.8
91.9
92.1
90.1
90.2
90.6
90.2
90.9
91.1
90.3
91.5
99.0
90.8
90.8
91.1
99.2
91.3
90.2
93.0
90.0
90.3
90.6
91.6
90.8
90.5
91.6
91.4
91.6
90.3
90.5
90.6
93.4
90.6
90.5
90.0
91.9
90.7
90.5
91.6
91.1
91.2
91.7
94.0
91.0
99.2
90.2
90.8
91.6
91.9
91.5
91.2
91.1
90.8
91.0
90.6
92.1
99.2
90.3
90.7
90.7
91.0
90.5
90.6
91.8
90.7
91.9
90.6
90.7
91.3
91.6
91.8
91.4
90.6
91.0
92.0
99.1
90.6
91.3
91.4
90.8
91.3
90.5
90.5
90.4
90.6
90.9
91.3
90.4
96.0
97.1
96.4
91.5
91.3
91.1
