88.3
88.4
88.4
88.1
95.7
89.8
88.4
88.5
88.3
88.3
88.2
88.5
88.4
88.5
88.3
88.3
88.3
88.3
88.4
88.4
88.3
88.2
88.8
88.2
88.4
88.2
88.1
88.5
88.1
88.6
88.3
88.5
88.5
88.4
88.2
88.2
88.4
88.4
88.4
88.0
88.2
88.4
87.8
88.1
88.1
88.3
88.2
88.5
88.5
88.3
97.4
88.1
88.2
88.5
88.6
88.6
89.7
88.5
88.0
88.3
88.2
88.6
88.3
88.4
88.3
88.4
88.2
88.4
88.4
88.0
88.1
88.2
88.2
88.5
88.4
88.2
88.3
88.4
88.5
88.2
88.5
88.4
88.2
88.2
88.5
88.6
88.5
88.1
88.3
88.4
88.4
88.3
88.2
88.1
88.8
92.2
88.4
88.2
88.0
88.1
