91.3
96.4
91.8
91.8
91.3
91.5
91.1
91.3
91.4
91.8
91.9
92.2
91.8
90.8
90.9
91.2
98.4
91.1
91.2
90.8
96.7
90.6
90.6
90.9
92.2
96.7
90.7
90.9
91.0
90.6
90.8
91.1
90.8
90.9
90.9
90.9
90.9
90.7
91.0
90.8
91.3
90.9
96.0
90.9
95.8
97.0
96.8
91.0
96.4
90.7
91.2
91.1
90.8
91.1
90.8
90.8
90.7
91.3
91.1
90.8
91.0
91.2
91.2
90.9
91.1
90.4
91.7
90.5
90.7
90.9
90.6
90.9
90.5
90.8
90.8
91.0
90.8
90.6
91.1
91.0
91.4
91.2
91.2
96.4
90.6
90.9
91.0
90.8
91.1
91.1
90.6
90.8
91.0
90.9
90.9
91.1
90.6
90.8
91.0
91.0
