34.7
34.6
34.6
34.7
34.7
34.6
33.7
34.7
33.6
33.7
34.8
34.7
34.7
34.6
34.7
34.6
34.7
34.7
33.7
34.9
34.6
33.9
34.6
34.7
33.7
34.6
34.6
33.7
34.7
33.7
33.7
33.7
33.7
34.7
34.6
34.7
34.7
34.6
33.8
34.6
33.8
33.7
34.6
34.6
34.6
34.6
33.7
33.8
33.7
34.7
33.8
83.4
34.6
34.6
34.6
34.8
34.7
34.6
34.0
33.7
33.6
34.7
33.8
34.6
34.8
34.6
34.6
33.7
33.8
34.6
34.6
33.6
34.6
34.6
33.8
33.8
34.8
34.7
34.6
33.7
34.6
34.6
33.7
34.6
34.8
34.6
34.6
34.6
33.8
34.5
34.5
34.7
34.6
33.8
34.6
33.7
33.8
34.7
34.6
34.6
