64.1
64.0
63.9
64.1
64.1
64.1
64.1
64.0
64.1
63.9
64.0
64.0
64.1
64.1
64.0
64.0
64.0
64.1
64.2
64.0
64.0
64.0
64.1
64.0
63.9
64.1
64.1
64.1
63.2
63.2
64.0
64.0
64.1
63.9
64.0
64.0
64.0
64.0
64.0
64.0
63.9
64.0
64.0
64.1
64.1
63.9
64.0
64.0
64.0
64.1
64.0
64.2
63.9
63.9
64.0
64.0
64.1
64.1
64.0
64.0
64.0
64.1
64.0
64.1
64.0
64.1
64.1
64.0
64.0
64.1
64.0
64.1
64.0
64.0
64.1
64.0
64.1
64.1
64.0
64.1
64.2
64.0
64.1
64.0
64.0
64.0
64.0
63.9
64.2
64.1
64.0
64.0
64.2
64.2
64.2
63.9
64.0
64.1
64.0
64.1
