78.4
77.4
77.8
80.9
78.2
78.6
96.3
77.2
81.2
77.4
77.9
77.5
80.0
78.3
78.0
82.1
80.6
78.4
78.8
78.0
77.1
78.5
78.2
76.7
77.8
78.5
76.6
90.3
78.0
90.0
90.0
78.0
78.8
77.2
78.2
76.6
78.6
77.4
79.3
78.2
77.5
77.1
78.4
77.7
78.4
83.6
78.1
78.2
79.2
78.6
77.0
79.1
78.5
78.4
77.1
77.8
78.9
77.5
78.3
79.2
79.4
77.6
78.6
77.6
77.3
77.8
79.2
78.8
77.8
78.0
77.4
79.0
86.2
78.6
78.7
79.6
78.1
77.4
78.3
85.1
79.9
79.9
77.5
77.1
78.1
78.5
78.0
78.0
78.3
79.4
77.2
77.9
78.0
78.2
77.5
78.6
78.1
86.9
78.7
78.4
