17.4
17.5
17.4
17.6
17.6
17.5
17.5
17.5
17.6
17.3
17.5
17.5
17.5
17.5
17.9
17.7
17.5
17.4
17.4
17.6
17.5
17.4
17.5
17.5
17.6
17.6
17.7
17.7
17.6
17.5
17.5
17.5
17.9
17.4
17.6
17.5
17.6
17.5
17.8
17.4
17.4
17.5
17.4
17.5
17.6
17.5
17.5
17.5
17.5
17.4
17.4
17.6
17.6
17.5
17.6
17.6
17.8
17.6
17.5
17.8
17.4
17.5
17.9
17.6
17.6
17.6
17.6
17.4
17.8
17.4
21.5
17.4
17.5
17.4
17.5
17.5
17.7
17.7
17.7
17.5
17.5
17.5
17.5
17.4
17.4
18.3
17.7
17.6
17.5
17.7
18.0
17.5
17.5
17.5
17.5
17.6
17.6
21.0
17.5
17.8
