35.7
35.7
35.8
35.7
35.6
36.1
35.6
35.8
35.7
35.9
35.6
35.6
35.6
35.8
35.6
35.7
35.8
35.6
35.7
35.6
35.8
35.6
36.8
36.5
36.6
36.7
36.7
36.8
36.7
36.6
36.5
36.6
36.9
36.6
36.7
35.7
35.5
35.8
35.7
35.6
35.7
35.7
35.5
35.8
35.8
35.9
35.6
35.7
35.5
35.6
35.7
35.7
35.7
35.7
35.7
35.6
35.5
35.7
35.6
35.9
35.8
35.6
35.7
35.6
35.6
35.7
35.8
35.8
35.6
35.7
35.7
35.6
35.7
35.7
35.6
35.8
35.6
35.7
35.6
35.7
35.7
35.6
35.5
35.7
35.6
35.6
37.2
35.6
35.7
35.6
35.7
35.6
35.8
35.7
35.6
35.8
35.7
35.8
35.8
35.8
