35.0
35.2
35.1
35.1
35.1
35.1
35.2
35.0
35.2
35.3
35.3
35.3
35.1
35.1
35.1
35.2
35.2
35.1
35.3
35.4
35.1
35.1
36.1
36.0
36.0
36.0
36.0
35.9
35.9
35.9
35.8
35.9
36.1
35.9
35.9
35.0
35.1
35.0
34.9
35.1
35.1
35.1
35.1
35.2
35.2
35.2
35.1
35.2
35.1
35.3
35.2
35.0
35.0
35.1
35.1
35.0
35.2
35.0
35.2
35.0
35.3
35.0
35.5
35.3
35.3
35.3
35.3
35.1
34.9
35.1
35.0
35.3
35.1
34.9
35.2
35.0
35.2
35.2
35.0
35.1
35.1
35.1
35.0
35.2
35.0
35.1
35.0
35.0
35.3
35.1
35.0
35.2
35.0
35.2
35.3
34.9
35.0
35.1
35.2
35.1
