65.5
65.5
65.4
65.6
65.5
65.5
65.5
65.5
65.4
65.6
65.5
65.5
65.4
65.5
65.5
66.2
65.5
65.5
65.5
65.5
65.5
65.4
65.5
65.4
65.4
65.5
65.5
65.4
65.5
65.4
65.5
65.5
65.5
65.5
65.5
65.5
65.6
65.5
65.6
65.5
65.5
65.5
65.5
65.5
72.2
72.3
72.2
72.2
72.3
65.5
65.5
65.5
65.5
65.5
65.5
65.4
65.5
65.6
65.5
65.5
65.5
65.5
65.6
65.4
65.5
65.5
65.5
65.5
65.5
65.5
65.5
65.5
65.4
65.4
65.5
65.4
65.5
65.5
65.5
65.4
65.5
65.5
65.5
65.5
65.5
65.5
65.4
65.4
65.7
65.5
65.6
65.5
65.4
65.4
65.5
65.5
65.5
65.5
65.5
65.5
