17.7
17.5
17.6
17.6
17.5
17.6
17.6
17.8
17.7
17.9
17.5
17.6
17.5
17.5
17.6
17.7
17.7
17.7
17.8
17.7
17.5
17.8
17.7
17.6
17.6
17.7
17.4
17.4
17.4
17.5
17.8
17.4
17.5
17.4
17.7
17.5
17.5
17.5
17.6
17.4
17.7
17.4
17.7
17.6
17.5
17.5
17.4
17.5
17.4
17.7
24.8
17.4
17.6
17.8
17.4
18.0
17.5
17.7
17.6
17.5
17.7
17.7
17.6
18.0
17.7
17.5
17.6
17.7
17.4
17.6
17.7
17.7
17.4
17.6
17.6
17.6
17.6
17.5
17.5
17.5
17.6
17.6
17.7
17.4
17.8
17.6
17.4
17.5
17.6
17.7
17.8
17.5
17.6
17.8
17.7
17.7
17.4
17.5
17.6
17.6
