56.7
55.4
61.2
53.6
56.3
56.9
56.0
55.4
56.8
54.0
57.3
54.7
58.2
57.2
55.2
58.4
57.0
56.0
57.3
56.6
55.9
57.0
55.1
57.2
58.0
59.3
66.5
80.1
56.4
69.3
55.1
53.9
56.1
56.7
62.6
56.6
57.0
57.6
57.0
54.5
58.4
56.5
56.3
57.0
55.3
57.8
57.1
55.0
56.6
54.0
55.6
56.5
57.2
55.7
60.8
57.8
53.3
57.8
55.8
56.7
53.2
55.7
55.1
53.4
55.6
58.3
56.9
56.1
57.2
54.4
57.3
57.2
56.9
57.8
55.2
57.4
54.8
55.4
68.6
55.6
54.4
52.8
53.0
53.9
54.7
56.2
55.6
55.5
56.7
58.5
58.3
61.4
61.5
57.4
56.7
57.4
58.0
58.2
54.6
55.6
