35.3
35.3
35.3
35.3
35.6
35.4
35.4
35.5
35.2
35.4
35.4
35.4
35.3
35.6
35.4
35.4
35.5
35.6
35.4
35.3
35.5
35.6
35.5
35.6
35.6
35.6
35.7
35.6
35.5
35.6
35.4
35.6
35.7
35.4
35.7
35.4
35.3
35.4
35.3
35.3
35.5
35.4
35.4
35.4
35.5
35.4
35.3
35.6
35.4
35.3
35.3
35.3
35.7
35.6
35.3
35.3
35.4
35.4
35.3
35.5
35.4
35.5
35.4
35.7
35.2
35.4
35.5
35.5
35.4
35.3
35.2
35.5
35.4
35.6
35.5
35.3
35.3
35.6
35.4
35.3
35.4
35.4
35.2
35.3
35.4
35.4
35.5
35.3
35.3
35.6
35.4
35.4
35.3
35.4
35.4
35.4
35.3
35.5
35.5
35.5
