35.7
35.7
35.6
35.6
35.5
35.7
35.6
35.8
35.7
35.9
35.7
35.6
35.9
35.8
35.9
36.1
35.6
35.6
35.8
35.6
35.5
35.6
36.8
36.6
36.8
36.6
36.6
36.7
36.7
36.5
36.5
36.5
36.8
36.8
36.5
35.6
35.6
35.5
35.6
35.5
35.7
35.8
35.5
35.9
35.7
35.7
35.5
35.9
35.7
35.6
35.7
35.9
35.6
35.7
35.5
35.8
35.9
35.7
35.6
35.6
35.8
35.8
35.6
35.6
35.6
35.6
35.7
35.7
35.7
35.8
35.7
35.9
35.6
35.7
35.6
35.7
35.8
35.4
35.4
35.6
35.5
35.5
35.5
35.5
35.5
35.7
35.7
35.6
35.6
35.6
35.5
35.6
35.6
35.6
35.8
35.6
35.8
35.5
35.6
35.5
