14.1
14.0
14.0
14.1
14.2
14.0
14.0
14.0
14.1
14.1
13.9
14.1
14.0
14.1
14.0
14.1
14.0
14.0
14.0
14.1
14.0
13.9
14.0
13.9
14.0
14.1
14.0
14.0
14.1
14.2
14.0
14.3
14.0
14.0
14.1
14.2
14.2
14.0
14.1
14.0
14.0
13.9
14.0
14.1
14.0
14.1
14.1
14.1
14.1
14.0
14.1
13.9
14.0
14.1
14.1
14.0
14.1
14.0
14.0
14.2
14.0
14.0
14.2
14.0
13.9
14.2
14.1
14.1
14.0
14.0
14.0
14.0
13.9
14.0
13.9
14.5
14.5
14.2
14.4
14.3
14.0
14.5
14.5
14.4
14.4
14.0
14.4
14.4
14.4
14.6
14.6
14.5
14.3
14.4
14.5
14.1
14.5
14.5
14.6
89.2
