34.8
35.2
34.9
34.9
34.9
35.0
35.0
34.9
34.9
35.0
35.1
34.8
34.9
35.2
34.9
34.9
34.9
35.1
34.9
34.9
34.9
34.9
35.3
35.2
35.3
35.5
35.1
35.3
35.2
35.3
35.1
35.0
35.0
35.4
35.0
35.1
34.9
35.0
34.9
34.9
34.9
34.9
34.8
34.9
35.0
35.0
34.9
35.0
34.9
34.9
34.9
35.0
34.8
34.9
34.8
34.9
34.8
35.1
34.9
35.0
35.0
34.8
35.0
34.8
35.0
34.9
35.0
34.9
34.8
35.2
34.9
34.9
34.9
34.8
35.1
35.0
35.0
34.9
34.9
34.8
35.3
34.8
35.0
35.0
35.0
34.9
34.8
35.0
35.0
34.9
34.9
34.8
35.1
34.9
34.9
34.9
34.9
34.9
35.0
35.0
