36.1
38.3
35.7
37.5
32.7
33.4
31.8
31.8
30.5
36.8
35.7
29.9
46.0
32.6
36.6
37.1
32.1
32.0
45.3
37.0
37.0
36.7
35.5
38.5
36.6
36.4
33.3
38.2
35.7
36.7
33.2
37.8
32.5
31.9
35.8
36.2
39.0
38.5
36.1
37.1
37.5
30.9
37.5
36.1
32.0
32.3
33.0
31.0
36.5
32.0
32.5
33.2
32.9
31.4
30.2
39.1
31.7
36.7
29.5
36.7
36.1
36.8
36.9
30.2
29.5
39.1
38.5
38.6
30.2
32.4
37.2
32.6
39.4
35.9
30.8
35.5
36.6
31.6
36.2
31.6
35.8
32.6
35.8
32.3
44.8
33.2
35.4
37.1
35.7
31.8
35.4
36.1
37.2
30.2
32.4
37.1
37.1
36.6
36.3
35.9
