14.6
14.5
14.5
14.5
14.5
14.6
14.4
14.6
24.9
14.4
14.4
14.5
24.9
24.4
14.4
25.1
24.8
14.5
25.1
14.6
84.8
84.8
84.9
24.5
25.0
24.9
24.9
25.1
14.4
14.6
14.4
14.5
14.0
14.6
14.4
14.5
14.4
14.1
14.1
14.3
14.4
14.4
14.4
14.5
14.5
14.5
14.4
14.4
14.4
14.4
14.6
14.4
14.5
14.5
25.0
24.9
24.9
24.9
25.1
14.6
14.5
14.5
14.4
25.1
24.9
20.5
14.4
14.5
20.6
20.5
14.4
14.4
14.4
14.5
24.8
14.1
14.0
14.5
14.1
14.0
14.4
14.4
14.1
14.5
14.4
14.4
14.6
14.5
14.5
14.5
14.1
14.4
14.4
14.4
14.4
14.5
14.4
14.5
14.6
89.6
