35.5
35.1
35.2
35.4
35.5
35.4
35.3
35.4
35.4
35.1
35.2
35.2
35.4
35.4
36.9
35.3
35.3
35.2
35.3
35.2
35.5
35.1
35.9
35.7
35.8
35.7
35.7
35.7
35.7
35.7
35.8
35.8
35.7
35.6
35.7
35.5
35.5
35.3
35.3
35.3
35.4
35.4
35.3
35.3
35.2
35.3
35.4
35.1
35.2
35.3
35.2
35.3
35.6
35.3
35.3
35.5
35.7
35.3
35.3
35.1
35.3
35.4
35.5
35.5
35.3
35.2
35.4
35.5
35.3
35.2
35.4
35.2
35.3
35.2
35.3
35.2
35.4
35.4
35.3
35.2
35.4
35.3
35.1
35.3
35.2
35.3
35.2
35.3
35.4
35.2
35.1
35.5
35.1
35.2
35.3
35.3
35.1
35.2
35.1
35.6
