14.5
14.3
14.4
14.5
14.5
18.0
14.4
14.4
14.4
14.5
14.6
24.9
14.5
14.5
24.4
14.4
25.0
14.5
14.5
25.0
24.9
84.9
17.9
24.4
25.1
24.7
24.7
25.0
14.0
14.1
14.5
14.5
14.0
14.4
14.3
14.5
14.5
14.0
14.1
14.4
14.0
14.3
14.5
14.5
14.5
14.4
14.4
14.5
14.4
14.4
25.0
24.9
14.5
14.4
14.5
24.9
24.9
14.5
14.5
14.4
14.5
24.8
24.9
20.5
20.6
20.5
20.5
20.7
20.6
20.7
14.6
24.7
25.0
14.5
24.9
14.1
14.3
14.2
14.0
14.5
13.9
14.0
14.4
14.6
14.5
14.3
14.5
14.3
14.5
14.0
14.6
14.4
14.5
14.4
14.5
14.4
14.4
25.0
25.1
89.3
