35.6
35.6
35.7
35.5
35.8
35.7
35.5
35.6
35.6
35.6
35.6
35.5
35.7
35.8
35.7
35.7
35.5
35.7
35.5
35.6
35.8
35.6
36.7
36.7
36.8
36.6
36.5
36.5
36.9
36.4
36.5
36.5
36.4
36.8
36.5
35.7
35.5
35.6
35.5
35.5
35.6
35.7
35.5
35.7
35.6
35.8
35.8
35.5
35.5
35.7
35.5
35.8
35.7
35.5
35.6
35.5
35.5
35.8
35.6
35.5
35.6
35.7
35.7
35.5
35.5
35.8
35.6
35.6
35.8
35.6
35.6
35.6
35.5
35.5
35.5
35.7
35.5
35.4
35.6
35.5
35.4
35.8
35.6
35.7
35.4
35.6
35.4
35.7
35.7
35.7
35.4
35.5
35.6
35.8
35.6
35.6
35.5
35.7
35.7
35.8
