35.5
35.5
35.4
35.4
35.4
35.6
35.4
35.7
35.5
35.6
35.7
35.6
35.6
35.5
35.5
35.5
35.5
35.5
35.5
35.7
35.4
35.5
36.5
36.4
36.4
36.3
36.2
36.6
36.2
36.4
36.4
36.3
36.4
36.3
36.4
35.3
35.3
35.5
35.4
35.7
35.5
35.3
35.6
35.4
35.5
35.5
35.4
35.4
35.4
35.6
35.6
35.7
35.5
35.6
35.4
35.5
35.7
35.5
35.8
35.6
35.4
35.4
35.4
35.4
35.6
35.4
35.7
35.4
35.3
35.6
35.5
35.6
35.6
35.5
35.5
35.5
35.4
35.6
35.5
35.4
35.5
35.6
35.3
35.4
35.4
35.4
35.5
35.4
35.6
35.5
35.7
35.5
35.6
35.6
35.4
35.8
35.5
35.5
35.4
35.4
