35.2
35.4
35.1
35.4
35.1
35.2
35.4
35.2
35.2
35.3
35.4
35.3
35.0
35.2
35.3
35.0
35.2
35.2
35.3
35.3
35.2
35.1
35.7
35.8
35.7
35.6
35.6
35.6
35.7
35.8
35.7
35.6
35.6
35.7
35.8
35.1
35.3
35.4
35.4
35.1
35.2
35.1
35.1
35.1
35.2
35.3
36.1
35.1
35.2
35.1
35.4
35.3
35.2
35.2
35.3
35.3
35.1
35.2
35.1
35.1
35.2
35.2
35.3
35.3
35.3
35.3
35.4
35.2
35.3
35.3
35.4
35.2
35.2
35.1
35.3
35.4
35.3
35.1
35.1
35.1
35.3
35.2
35.3
35.1
35.1
35.1
35.1
35.1
35.3
35.2
35.3
35.3
35.1
35.2
35.3
35.2
35.2
35.2
35.2
35.3
