17.6
17.4
17.4
17.5
17.4
17.6
17.4
17.4
17.6
17.6
17.5
17.5
17.4
17.4
17.4
17.5
17.6
17.7
17.4
17.4
17.5
17.6
17.7
17.4
17.6
17.5
17.7
17.5
17.5
17.5
17.4
17.6
17.5
17.5
17.6
17.5
17.5
17.7
17.4
17.4
17.4
17.6
17.6
17.4
17.4
17.8
17.6
17.4
17.6
17.5
17.5
17.7
17.7
17.5
17.5
17.6
17.5
17.5
17.6
17.6
17.6
17.6
17.5
17.7
17.5
17.5
17.5
17.6
17.3
17.4
17.4
17.5
17.4
17.5
17.5
17.6
17.4
17.5
17.5
17.5
17.6
17.4
17.3
17.4
17.4
17.3
17.4
17.6
17.6
17.4
17.6
17.4
17.6
17.6
17.5
17.4
17.4
17.5
17.4
17.5
