35.2
35.3
35.2
35.3
35.1
35.2
35.1
35.3
35.5
35.4
35.5
35.3
35.2
35.1
35.3
35.3
35.3
35.1
35.1
35.3
35.6
35.5
36.2
36.4
36.3
36.1
36.2
36.1
36.3
36.3
36.1
36.1
36.1
36.1
36.3
35.1
35.4
35.3
35.4
35.2
35.2
35.3
35.3
35.2
35.2
35.3
35.3
35.1
35.1
35.4
35.2
35.4
35.2
35.3
35.2
35.3
35.2
35.4
35.5
35.4
35.2
35.3
35.3
35.3
35.2
35.2
35.2
35.3
35.3
35.2
35.3
35.4
35.3
35.1
35.3
35.4
35.5
35.1
35.4
35.3
35.4
35.2
35.2
35.1
35.2
35.7
35.2
35.2
35.1
35.3
35.3
35.4
35.2
35.2
35.5
35.3
35.3
35.3
35.4
35.3
