35.4
35.4
35.5
35.8
35.6
35.6
35.4
35.6
35.5
35.4
35.6
35.4
35.5
35.4
35.5
35.5
35.4
35.3
35.3
35.5
35.5
35.7
35.8
35.8
35.9
35.7
35.7
35.6
36.0
35.9
35.9
35.7
36.0
35.8
35.8
35.4
35.3
35.5
35.2
35.4
35.5
35.4
35.5
35.4
35.4
35.4
35.4
35.4
35.2
35.5
35.5
35.4
35.5
35.5
35.4
35.7
35.3
35.7
35.3
35.4
35.4
35.6
35.3
35.4
35.6
35.8
35.4
35.5
35.3
35.5
35.5
35.3
35.4
35.4
35.3
35.5
35.2
35.4
35.3
35.2
35.3
35.4
35.7
35.3
35.5
35.5
35.6
35.4
35.6
35.3
35.3
35.4
35.4
35.4
35.6
35.3
35.6
35.6
35.3
35.2
