8.14
8.23
8.32
8.36
8.39
8.36
8.19
8.37
8.39
8.41
8.29
8.56
8.31
8.20
8.27
8.32
8.32
8.34
8.24
8.36
8.80
8.46
8.56
9.03
8.58
8.51
8.68
8.51
9.76
8.22
8.41
8.35
8.40
8.49
8.36
8.26
8.26
8.29
8.58
8.32
8.47
8.32
8.24
8.29
8.28
8.33
8.19
8.27
8.42
9.15
8.41
8.31
8.23
8.31
8.34
8.34
8.27
8.35
8.64
8.36
8.24
8.37
8.42
8.41
8.78
8.95
8.28
8.63
8.32
8.28
8.43
8.38
8.48
8.51
8.92
8.20
8.18
8.20
8.44
8.12
8.34
8.32
8.26
8.39
8.37
8.27
8.42
8.41
8.38
8.15
8.25
8.31
9.15
8.65
8.25
8.43
8.36
8.36
8.83
8.66
