37.2
36.9
38.3
41.7
36.8
36.6
37.0
37.3
38.5
37.7
37.6
38.0
37.4
36.8
56.1
36.7
37.3
37.5
36.6
37.7
36.7
37.3
38.4
49.8
38.5
38.0
45.7
38.1
32.5
38.3
38.1
37.4
48.4
37.6
36.7
37.9
37.0
37.5
37.4
38.0
36.7
37.3
37.2
42.0
37.5
38.1
37.3
38.5
37.0
37.7
38.4
42.4
39.6
38.0
37.9
38.3
37.1
53.2
38.5
37.4
36.6
37.9
36.7
38.6
37.6
38.5
49.5
47.9
37.2
37.4
37.8
39.0
37.6
38.3
37.2
47.1
37.8
37.0
42.7
37.0
37.1
36.4
37.4
38.7
53.9
37.1
36.5
38.4
38.1
36.9
38.4
37.4
52.8
38.2
37.2
37.7
37.5
38.5
36.6
44.9
