43.5
45.8
43.5
46.2
44.3
46.1
43.9
43.3
46.3
43.8
43.9
46.4
43.1
46.1
44.1
46.3
43.6
43.8
45.9
46.1
45.9
46.0
43.7
46.1
43.4
46.1
46.5
45.8
46.1
46.0
44.2
43.8
46.2
46.1
43.2
43.8
45.7
43.8
48.7
48.9
46.1
48.3
46.4
49.1
46.7
46.2
49.1
48.9
49.2
46.8
49.2
48.6
46.3
48.8
48.4
50.0
49.1
48.2
49.1
46.2
46.5
47.1
48.6
49.2
48.9
48.5
47.0
48.6
46.8
46.7
46.7
49.1
46.8
46.4
46.4
46.5
48.9
48.7
48.6
46.4
48.9
46.7
49.1
46.2
48.9
46.4
46.4
46.6
46.8
46.7
49.0
48.9
48.7
46.2
46.2
48.6
46.4
48.7
46.8
46.6
