45.3
45.4
45.6
45.1
45.6
45.3
45.0
45.1
45.0
45.6
45.6
45.0
45.4
45.7
45.4
45.3
45.5
45.5
45.3
45.6
45.2
45.4
45.5
45.6
45.6
45.7
45.6
45.3
45.5
45.4
45.2
45.2
45.0
45.5
45.0
45.4
45.4
45.9
45.0
45.5
45.2
39.8
39.6
39.3
40.0
40.0
39.6
39.4
40.3
39.7
39.8
39.6
45.7
45.6
45.6
45.2
45.7
45.3
45.4
45.7
45.4
45.3
45.5
45.1
45.4
45.5
45.7
45.2
45.2
45.4
45.5
45.5
45.5
45.2
45.5
60.1
60.0
59.8
43.2
43.1
43.0
43.0
43.0
42.8
43.2
43.0
42.6
42.7
49.9
43.3
43.1
43.0
43.3
43.3
43.3
43.6
43.4
43.1
43.2
43.3
