45.6
69.1
52.0
44.8
44.8
46.1
45.3
57.4
44.9
45.9
52.2
44.1
45.6
45.2
46.1
44.6
44.9
55.0
51.9
42.8
45.9
43.8
54.7
44.8
46.2
48.0
48.8
46.2
50.6
48.4
45.9
45.8
44.8
45.5
45.2
35.0
45.1
44.7
45.2
44.6
45.7
46.2
46.1
44.0
44.1
45.3
46.4
51.6
44.9
44.3
43.7
46.0
44.2
46.4
45.7
43.7
45.5
44.5
34.6
47.9
46.6
45.8
33.8
46.5
48.1
73.1
50.5
44.1
45.4
43.9
45.5
47.4
62.7
54.0
57.8
45.6
46.0
55.8
47.4
45.1
45.4
34.8
45.3
44.5
44.3
45.6
45.4
44.8
43.9
46.0
45.6
45.6
36.2
43.8
44.8
44.0
46.5
45.6
44.5
45.5
