68.3
66.5
74.5
67.3
66.4
67.6
67.3
66.8
68.0
66.9
66.4
67.2
93.7
84.5
66.5
66.6
67.8
92.7
67.8
93.5
77.3
67.8
94.4
94.3
95.6
69.1
67.6
67.4
67.4
67.7
69.2
67.4
67.3
67.5
68.3
67.4
67.5
67.5
67.4
67.5
67.3
67.4
67.5
67.5
68.4
67.6
68.0
67.5
74.9
67.6
67.6
69.4
67.8
71.0
68.1
68.1
71.0
68.2
68.1
67.6
69.1
67.5
68.9
67.4
77.6
74.9
87.1
72.1
95.4
67.8
68.1
94.9
69.6
67.4
68.3
67.5
67.4
67.5
67.5
67.1
67.8
68.2
67.4
67.6
68.1
68.0
67.9
67.5
67.6
67.5
67.5
68.0
67.6
94.8
67.8
68.4
68.3
67.7
67.5
68.1
