85.2
85.0
85.2
85.1
84.9
85.7
85.2
85.2
85.1
84.9
85.0
84.9
85.5
85.5
85.5
85.6
85.4
85.7
85.1
85.3
85.2
87.4
86.2
85.4
85.3
85.4
85.2
85.5
85.5
85.3
85.4
85.4
85.4
85.5
85.3
85.5
85.3
85.6
85.6
85.6
86.0
85.2
85.4
85.1
85.6
85.4
85.7
85.5
85.0
85.4
85.5
85.6
85.6
85.3
85.6
85.4
86.0
85.5
85.8
85.5
85.6
85.4
85.4
85.8
85.4
85.4
85.2
85.3
85.4
85.3
85.2
85.4
85.3
85.4
85.4
85.3
85.2
85.3
85.3
85.1
85.4
85.3
85.4
85.7
85.5
85.6
85.4
85.3
85.4
85.4
85.6
85.3
85.5
85.4
85.5
85.0
85.5
85.6
85.6
85.6
