91.1
91.0
91.5
90.9
91.0
91.0
90.6
91.1
90.7
90.5
90.2
89.9
90.2
90.9
91.1
91.0
91.0
91.0
92.1
91.0
90.9
91.0
91.3
91.8
90.9
90.9
91.4
91.0
90.9
90.9
90.6
91.1
90.9
91.2
91.8
91.2
90.8
91.1
91.1
91.9
91.0
91.1
90.9
90.9
91.1
91.0
91.1
91.3
91.1
91.3
90.7
91.3
91.0
90.8
90.9
91.3
91.0
91.3
90.9
91.3
90.7
90.8
91.2
91.0
91.1
91.2
91.2
91.0
90.8
91.0
91.0
91.2
91.1
91.2
91.3
91.0
91.2
90.9
90.9
91.0
91.0
90.9
91.4
91.0
90.7
91.2
90.8
90.8
91.1
90.8
90.7
90.9
91.0
91.0
90.8
91.2
90.9
91.0
91.3
96.5
