48.2
47.4
48.1
46.7
46.8
48.2
48.1
46.8
48.1
46.8
48.2
48.1
48.5
46.7
46.7
47.0
48.0
46.8
48.4
46.8
46.9
46.8
48.2
46.8
47.7
47.3
48.1
46.8
48.1
48.2
48.0
46.7
46.8
46.8
46.7
46.8
48.1
46.8
48.2
46.7
46.7
46.7
48.0
48.1
46.8
46.7
46.7
48.1
46.8
46.7
46.8
46.7
46.8
46.8
46.7
46.8
47.0
47.1
46.8
48.2
46.9
46.9
48.2
48.2
48.0
47.1
46.8
46.7
48.2
47.9
48.3
48.1
47.3
46.8
48.8
46.7
48.2
46.7
46.7
46.7
46.7
46.7
48.1
46.7
46.7
46.7
46.7
46.8
48.1
48.1
46.7
46.8
48.0
47.5
46.7
48.1
46.7
46.7
46.8
46.7
