59.4
59.7
59.3
59.6
59.7
59.5
59.6
59.5
59.5
60.3
59.7
59.6
59.9
59.8
59.2
59.6
59.9
59.2
59.5
59.6
59.6
59.5
59.5
59.4
59.8
59.5
59.6
59.9
59.5
59.7
59.6
59.3
59.5
59.7
59.6
60.2
59.4
59.7
59.9
59.6
59.6
59.2
59.6
60.2
59.7
59.8
71.8
59.3
69.8
59.9
59.5
59.8
59.4
59.5
60.0
59.7
59.5
59.8
59.5
59.8
60.3
59.6
59.4
59.4
59.3
59.5
59.6
59.6
59.8
60.5
59.5
59.6
59.3
59.8
59.2
59.5
59.6
59.2
59.7
59.8
59.2
59.2
59.7
59.5
59.6
59.6
59.7
62.0
59.8
59.5
59.8
59.7
59.3
59.8
59.6
59.8
59.7
59.8
59.2
59.7
