28.0
38.8
30.3
39.7
29.8
27.9
28.5
28.4
27.8
26.7
30.5
26.5
29.4
28.5
28.7
30.0
29.3
26.5
26.5
58.6
27.9
27.8
26.7
31.4
28.6
27.9
26.4
53.9
26.6
26.8
35.0
25.3
28.7
25.0
26.6
25.4
26.5
32.7
27.9
25.6
26.0
26.7
30.2
25.5
30.9
27.0
26.8
28.0
30.0
30.1
29.7
30.7
26.5
27.2
32.7
29.7
28.3
29.8
31.1
31.1
26.8
26.7
27.2
26.4
28.3
26.5
29.9
27.9
28.1
27.5
28.4
28.0
27.5
26.4
26.5
27.2
26.5
28.2
30.5
25.3
25.1
27.4
25.3
25.3
26.6
25.2
25.3
25.1
25.3
25.5
27.9
27.8
30.5
27.8
27.2
47.1
40.0
26.8
27.7
26.6
