71.0
71.0
73.1
71.0
71.0
70.1
70.8
71.2
70.9
69.9
70.8
70.2
70.1
70.9
70.2
69.8
71.1
71.5
71.0
70.0
70.2
70.2
71.1
70.9
71.2
71.1
71.0
70.4
71.1
70.0
84.0
71.4
70.0
71.0
71.0
70.0
70.2
72.0
70.9
71.2
70.9
70.0
70.0
71.0
70.8
69.9
70.9
70.0
71.0
70.1
69.9
71.1
70.0
71.6
71.1
71.0
71.1
70.9
70.0
71.2
71.3
71.4
70.8
71.0
70.9
71.0
71.4
70.0
71.4
72.0
71.5
70.1
71.3
71.2
71.4
70.1
71.2
71.8
70.9
73.5
71.7
71.1
70.0
70.1
70.3
71.2
70.9
70.2
71.3
70.8
71.2
71.0
71.0
70.0
71.0
70.0
71.2
70.9
71.1
70.0
