70.1
70.9
70.8
70.8
70.9
70.8
70.7
70.9
71.1
70.9
71.3
71.0
71.1
70.9
70.1
69.9
70.7
70.0
70.8
71.0
70.0
70.0
70.1
71.4
70.9
69.9
70.2
70.1
71.2
70.5
83.0
69.9
71.0
71.1
70.8
70.0
69.8
70.8
70.0
71.3
69.9
71.0
71.1
70.0
70.8
70.9
70.8
70.9
71.2
70.9
71.0
70.8
71.3
70.1
71.1
70.9
70.1
71.7
69.9
71.4
70.0
71.0
70.9
70.9
70.0
70.9
69.9
70.0
71.1
70.8
71.0
70.1
70.6
70.8
71.1
71.1
70.9
71.0
73.3
70.9
70.1
70.8
70.2
70.0
70.8
70.9
70.9
70.0
71.1
70.0
70.9
70.9
70.0
70.0
70.0
71.1
70.0
70.0
70.1
70.0
