21.2
20.6
20.7
20.6
20.9
20.9
20.8
21.6
20.6
20.9
20.7
20.6
21.0
20.6
20.7
20.6
20.6
20.5
20.6
20.5
20.7
20.6
20.7
20.6
20.7
20.6
20.5
20.6
20.6
20.6
20.6
20.7
20.7
20.6
20.7
20.6
20.7
20.6
20.7
20.6
20.6
20.6
20.6
20.6
20.7
30.1
20.6
20.7
20.7
20.8
20.9
20.6
20.7
20.9
20.9
21.2
20.7
20.6
20.6
20.6
20.6
20.6
20.6
20.6
20.7
20.7
20.6
20.6
20.6
20.7
20.6
20.6
20.6
20.6
20.8
20.6
20.7
20.7
20.5
20.7
20.7
20.6
20.6
20.6
20.5
20.6
20.7
20.6
20.7
20.6
20.5
20.7
20.6
22.3
21.1
20.7
20.8
20.9
20.8
20.6
