73.9
74.7
73.1
74.0
73.9
73.9
73.2
74.1
74.0
73.9
73.9
74.1
75.3
74.1
74.0
73.0
73.9
74.0
73.8
73.9
74.0
74.0
78.1
73.2
74.4
74.5
74.1
74.0
73.1
73.4
73.3
86.2
74.1
73.2
74.1
73.9
74.0
73.0
73.0
74.1
73.9
73.1
73.0
73.0
73.9
74.0
73.1
73.9
73.1
74.9
74.1
73.1
73.8
73.0
74.0
73.1
73.9
73.8
73.3
72.9
73.8
73.0
73.9
73.0
73.9
73.9
74.1
73.9
73.0
74.1
73.0
77.1
73.2
73.8
74.3
76.2
73.4
74.8
74.1
73.8
73.0
74.2
73.9
74.1
74.0
73.8
73.8
74.0
72.9
72.9
73.0
73.0
74.0
74.2
73.4
73.8
73.9
74.0
73.0
73.1
