22.7
22.5
22.6
22.5
22.4
22.5
22.6
22.7
22.6
22.4
22.5
22.6
22.6
22.5
22.5
22.6
22.5
22.5
22.7
22.5
22.5
22.5
22.6
22.7
22.4
22.6
22.5
40.7
22.7
40.7
40.8
40.8
22.4
23.0
22.9
22.6
22.4
22.5
22.4
22.4
22.7
22.4
22.7
22.8
22.6
23.2
22.6
22.6
22.6
22.4
22.6
22.9
22.7
22.5
22.5
22.9
23.9
21.9
20.3
18.9
28.2
18.8
19.0
21.5
18.8
24.9
21.8
22.9
21.9
21.5
21.9
22.2
21.3
21.4
21.4
21.3
21.4
18.8
21.5
21.4
19.6
21.5
21.4
18.7
21.5
18.8
21.3
21.5
18.8
21.5
18.8
18.6
21.4
18.6
22.0
18.9
18.6
18.8
21.6
19.0
