22.5
22.6
25.1
22.5
22.6
22.4
22.5
22.4
22.4
22.4
22.5
22.4
22.5
22.5
22.5
23.0
22.5
22.5
22.5
22.5
22.4
22.7
22.5
22.6
22.5
22.5
22.9
40.9
22.7
40.9
40.8
40.7
22.6
22.6
22.6
22.4
22.4
22.5
22.4
22.4
22.5
22.5
22.6
22.5
23.0
22.4
23.0
22.5
22.5
22.5
23.1
23.2
22.4
23.0
22.5
22.6
22.5
22.7
20.3
22.9
25.5
21.4
19.1
21.5
21.4
21.8
23.2
22.0
21.4
21.3
22.0
21.7
18.8
21.4
21.5
21.3
18.6
21.4
21.3
21.4
21.4
21.3
18.7
18.7
21.3
18.6
21.3
18.8
18.6
21.3
18.7
18.8
21.4
18.7
18.8
22.3
21.2
18.9
18.8
19.0
