88.1
88.6
88.4
88.4
87.9
88.4
88.3
88.1
88.5
88.1
88.1
88.4
88.6
88.2
89.0
88.3
88.3
87.8
88.5
88.0
88.4
88.1
88.0
88.4
88.3
88.2
87.9
88.0
88.0
88.4
88.3
88.3
88.5
88.5
88.8
88.1
88.1
88.4
88.0
88.0
88.1
88.0
88.7
88.8
88.2
88.1
88.6
88.0
88.3
88.0
88.4
88.1
88.5
88.6
88.5
88.5
89.4
88.4
88.1
88.2
88.5
88.3
88.6
88.3
88.4
88.3
88.2
87.9
88.3
88.4
89.1
88.5
88.7
88.1
88.4
88.6
88.9
87.9
88.8
88.3
88.6
88.1
87.8
88.4
88.5
88.0
88.1
89.0
87.8
88.3
88.6
88.3
88.3
88.2
88.5
88.3
88.6
88.6
88.5
88.1
