96.2
96.0
96.0
96.1
96.2
96.2
96.1
96.2
95.9
96.1
96.1
96.1
96.3
96.0
96.2
96.3
96.1
96.1
96.1
96.0
96.1
96.0
96.2
96.2
96.3
96.1
96.0
95.9
96.2
96.2
96.3
96.4
96.0
96.2
96.2
96.2
96.1
96.1
96.1
96.0
96.1
96.1
96.0
96.3
96.2
96.1
96.1
96.4
96.2
96.1
96.1
96.1
96.2
96.4
96.0
96.3
96.0
96.0
97.0
96.0
96.1
96.2
96.1
96.1
96.1
96.2
96.0
96.1
96.2
96.0
96.9
96.2
96.0
96.5
96.1
96.1
96.1
96.1
96.2
96.2
96.2
96.0
96.3
96.1
96.2
96.0
96.4
96.3
96.1
96.0
96.1
96.3
96.0
96.1
96.1
96.2
96.1
96.1
96.2
96.1
