58.9
60.3
58.8
62.5
65.4
58.8
65.7
58.9
59.6
58.8
61.7
58.9
59.4
59.7
61.6
58.9
58.7
58.8
58.9
58.7
58.9
59.0
58.8
58.8
58.8
59.0
58.8
58.8
58.8
58.7
59.1
58.8
58.8
58.8
58.7
58.8
63.4
58.8
58.8
59.0
58.8
58.8
58.7
58.8
58.8
58.8
59.0
58.9
58.7
58.7
58.8
58.8
59.3
59.0
58.8
58.7
58.9
58.8
58.8
58.8
58.8
59.0
58.8
58.9
58.9
58.9
58.8
58.8
58.8
58.8
58.8
58.8
59.3
58.8
58.7
58.9
58.8
58.9
58.9
58.8
58.9
58.7
59.1
58.9
58.8
58.7
58.8
58.8
61.9
58.8
58.8
58.8
58.8
58.8
58.8
58.9
58.7
59.2
58.8
59.1
