22.9
22.8
22.7
22.9
23.0
23.2
22.8
22.8
22.9
22.8
22.7
22.8
22.8
22.7
22.7
24.2
22.9
22.8
25.1
22.8
22.8
22.9
22.7
22.8
22.8
22.7
22.8
22.8
22.8
23.0
22.8
22.7
22.7
22.8
22.9
22.8
22.9
22.8
22.8
22.7
22.9
22.8
22.8
22.7
22.7
22.9
22.8
23.0
22.8
22.8
22.8
22.8
22.9
22.8
23.8
22.8
22.9
22.8
22.8
22.9
22.8
22.9
22.8
22.7
22.8
23.2
25.6
22.9
22.9
22.9
22.8
22.8
22.8
22.9
22.9
22.8
22.8
22.8
22.8
22.8
22.8
22.8
22.8
22.9
22.8
22.7
22.7
22.8
22.9
22.8
22.8
22.8
22.8
22.9
22.8
22.7
22.8
22.8
25.0
22.8
