76.6
76.8
80.3
77.0
77.1
83.3
86.2
85.9
85.8
83.2
79.8
81.0
83.4
83.0
83.4
80.5
87.6
83.0
79.5
79.4
79.7
83.0
77.3
77.2
79.7
79.7
80.4
80.1
83.1
77.4
77.2
80.4
83.1
80.3
80.1
80.3
83.7
83.0
76.6
83.5
77.1
80.7
76.9
76.7
77.3
77.3
76.7
81.0
80.1
80.4
77.1
79.7
83.4
86.0
86.0
80.0
86.1
86.2
83.9
83.7
83.0
83.1
83.3
83.4
83.4
80.0
80.0
83.1
80.7
77.0
78.0
76.9
77.0
83.4
80.4
80.5
76.3
80.8
80.6
80.3
86.4
83.3
76.7
81.6
80.0
76.8
80.5
80.4
80.5
80.0
83.4
83.2
80.0
83.2
83.0
83.1
86.2
86.2
83.4
76.7
