7.89
7.63
7.80
7.83
7.84
7.72
7.68
7.83
7.73
7.80
7.67
7.79
7.62
7.80
7.72
7.77
7.74
7.69
7.69
7.83
7.69
7.81
7.94
7.84
7.76
7.73
7.84
7.88
7.88
7.77
7.80
7.84
7.69
7.71
7.73
7.73
7.68
7.82
7.66
7.76
7.70
7.61
7.79
7.66
7.73
7.70
7.92
7.63
7.68
7.84
7.80
7.89
7.83
7.77
7.71
7.74
7.70
7.72
7.90
7.74
7.74
7.85
7.79
7.78
7.78
7.71
7.89
7.69
7.84
7.71
7.62
7.68
7.94
7.72
7.74
7.94
7.76
7.65
7.71
7.76
7.80
7.71
7.80
7.89
7.82
7.79
7.71
7.65
7.88
7.97
7.69
7.80
7.90
7.71
7.73
7.66
7.72
7.77
7.90
7.89
