76.4
80.4
80.1
80.1
76.7
80.3
85.6
83.4
76.7
73.6
76.7
80.8
80.1
80.7
83.7
80.4
89.3
83.4
83.0
83.3
83.1
79.7
73.8
83.3
83.1
82.8
83.3
89.9
86.2
73.6
73.5
76.7
82.8
79.5
83.1
86.2
76.5
79.5
79.8
73.2
77.1
77.3
77.0
84.7
80.7
80.9
76.3
80.7
73.2
73.2
80.6
83.2
76.9
83.7
76.9
83.2
81.0
77.2
80.8
83.3
77.3
80.6
80.9
83.6
77.0
81.4
80.6
83.7
83.6
80.6
77.0
77.0
77.3
77.4
77.4
76.7
76.7
79.9
73.5
83.3
76.9
80.1
81.7
83.4
80.7
86.1
83.8
77.3
80.3
83.1
83.7
76.8
76.8
80.4
80.5
80.4
83.4
83.3
76.7
79.7
