83.5
80.4
83.3
80.7
80.7
80.9
83.4
83.5
83.5
86.0
86.3
83.6
77.3
77.0
76.9
77.0
80.0
76.9
73.2
73.3
73.7
80.1
76.7
76.8
83.1
82.9
83.4
83.2
83.7
81.0
81.0
81.1
83.6
76.4
76.4
80.3
80.7
80.0
80.1
80.7
76.9
80.4
80.8
77.2
77.2
77.3
80.7
81.0
80.7
76.9
83.7
79.6
83.4
86.1
86.1
80.1
86.3
86.1
83.7
77.3
76.7
76.6
77.2
77.0
77.0
76.7
76.7
79.8
77.2
73.7
73.5
73.5
73.5
80.1
77.1
77.3
73.1
76.9
80.3
80.4
83.2
79.8
73.4
77.1
82.5
83.4
83.2
83.1
80.2
80.7
89.6
83.0
79.9
86.4
83.7
79.8
86.4
86.4
83.6
83.4
