73.0
77.7
76.8
76.6
73.3
83.2
83.0
86.3
79.4
77.0
76.7
81.0
84.0
83.4
91.9
80.6
86.1
83.3
83.2
83.5
83.2
80.3
77.7
80.6
80.1
79.7
80.7
82.2
83.1
73.7
73.8
76.7
82.9
83.3
80.3
83.5
83.2
86.0
79.9
80.7
77.0
77.2
73.3
83.2
77.0
77.2
76.7
80.9
76.8
76.7
77.0
86.0
79.7
86.4
79.7
86.1
83.6
81.8
83.6
86.0
80.0
83.3
83.6
86.4
79.8
80.2
80.3
83.5
83.5
80.3
76.7
81.6
78.4
77.6
83.4
76.4
76.7
83.6
77.3
81.0
83.3
80.1
80.5
86.0
83.4
79.9
83.7
77.1
80.2
83.3
83.7
79.7
79.5
80.2
80.1
80.1
86.1
86.2
80.1
76.4
