7.68
7.76
7.75
7.66
7.69
7.71
7.77
7.79
7.80
7.77
7.68
7.79
7.85
7.69
7.76
7.71
8.00
7.68
7.70
7.76
7.99
7.77
7.79
7.60
7.78
7.71
7.71
7.63
7.69
7.64
7.57
7.70
7.74
7.73
7.79
7.64
7.65
7.64
7.77
7.75
7.69
7.73
7.63
7.58
7.66
7.65
7.68
7.70
7.62
7.80
7.64
7.63
7.77
7.64
7.71
7.77
7.70
7.74
7.62
7.69
7.75
7.76
7.68
7.90
7.66
7.63
7.75
7.89
7.66
7.76
7.58
7.73
7.70
7.71
7.72
7.70
7.67
7.66
7.66
7.74
7.69
7.69
7.60
7.73
7.70
7.63
7.73
7.58
7.70
7.77
7.71
7.61
7.57
7.80
7.69
7.76
7.63
7.67
7.74
7.70
