6.79
6.76
6.71
6.77
6.75
6.76
6.87
6.77
6.67
6.67
6.70
6.81
6.72
6.75
6.68
6.70
6.71
6.74
6.63
6.74
6.79
6.79
6.76
6.68
6.77
6.65
6.77
6.69
6.80
6.75
6.69
6.74
6.72
6.75
6.62
6.69
6.69
6.76
6.64
6.72
6.76
6.64
6.72
6.73
6.80
6.86
6.78
6.75
6.68
6.68
6.68
6.75
6.68
6.70
6.76
6.77
6.77
6.66
6.66
6.68
6.71
6.76
6.64
6.69
6.76
6.75
6.68
6.90
6.72
6.72
6.70
6.82
6.70
6.64
6.76
6.75
6.65
6.74
6.66
6.70
6.67
6.68
6.80
6.75
6.66
6.68
6.72
6.70
6.73
6.66
6.75
6.74
6.76
6.77
6.67
6.76
6.86
6.72
6.73
6.67
