68.8
67.7
67.6
67.8
73.7
68.0
68.7
68.5
67.9
68.5
67.7
68.6
67.2
68.4
68.3
68.3
67.4
67.8
69.0
69.0
67.6
69.1
68.2
67.7
68.3
67.4
69.4
67.7
69.2
67.2
67.1
68.7
67.5
68.9
67.2
68.9
67.4
68.7
67.4
67.3
68.9
67.7
67.9
73.3
67.5
67.3
68.9
68.0
69.9
67.2
68.8
68.0
69.2
68.1
69.2
67.8
69.4
67.8
69.2
67.6
69.0
67.1
68.5
67.8
68.8
72.2
69.1
67.7
68.5
67.5
68.2
69.2
67.2
67.7
68.5
67.6
68.8
67.5
68.7
67.6
68.3
67.4
68.9
67.6
68.4
67.5
68.6
71.9
68.5
68.5
67.7
67.5
68.6
67.8
69.1
67.7
68.6
66.9
68.9
67.5
