7.15
7.19
7.30
7.44
7.59
7.46
7.16
7.47
7.16
7.12
7.48
7.13
6.98
7.26
7.15
6.67
6.72
7.10
7.22
7.05
7.13
7.14
7.20
6.74
6.75
6.82
7.07
6.77
7.16
6.77
7.21
7.45
7.46
7.26
7.16
6.93
6.76
7.22
7.17
7.54
7.27
7.43
7.13
7.10
7.03
7.65
7.37
7.52
7.39
7.13
6.81
6.87
6.81
7.06
7.08
7.16
7.23
7.09
7.36
7.45
7.53
7.47
7.16
7.23
7.31
7.19
7.06
6.85
6.76
6.73
6.70
7.13
7.03
7.10
6.71
6.72
7.09
6.76
6.82
6.81
7.08
7.39
7.13
7.09
7.53
7.05
7.42
7.23
7.08
7.09
7.55
7.08
7.51
7.48
7.56
6.82
7.66
6.82
7.13
7.07
