60.1
62.2
60.3
60.4
58.3
60.7
62.9
66.0
60.1
59.3
60.6
57.7
62.9
56.5
58.7
59.9
59.6
63.8
62.2
63.7
61.4
56.1
59.8
62.8
61.7
59.6
62.0
65.3
55.6
72.3
73.0
74.0
56.0
57.9
57.7
65.8
59.2
57.6
60.2
64.8
60.6
60.0
59.2
65.4
60.4
58.9
74.4
65.3
57.7
60.0
61.0
62.7
61.0
60.3
60.3
59.4
63.3
60.8
60.9
61.4
58.5
59.6
64.4
61.8
58.6
59.5
57.8
60.6
60.9
62.8
60.2
63.4
59.6
59.3
60.5
58.8
58.7
56.8
86.3
61.2
60.3
62.9
62.1
64.0
57.5
64.4
61.3
58.8
63.0
62.1
63.9
58.1
58.5
61.2
62.8
58.4
60.8
55.7
66.8
61.8
