58.2
57.9
59.0
59.6
57.3
58.3
58.4
58.5
57.1
57.6
57.2
57.9
57.8
58.4
58.7
57.4
57.6
58.6
58.6
58.4
62.7
58.8
59.0
57.8
57.6
58.1
58.6
61.4
56.4
56.7
58.4
57.3
58.0
57.3
58.1
57.3
58.4
57.0
58.1
58.6
57.3
57.5
58.8
58.2
59.0
58.7
57.4
57.2
58.9
58.2
58.8
57.3
57.7
58.7
59.2
57.8
58.4
57.3
57.8
59.1
58.1
57.7
58.4
61.1
57.7
61.3
61.1
58.8
58.9
58.5
58.9
59.2
58.1
57.5
58.1
58.8
57.8
57.3
58.3
58.9
58.1
58.6
58.1
58.4
57.2
58.3
57.5
57.2
59.0
59.0
58.6
58.0
57.3
57.2
57.9
57.4
58.5
58.2
59.7
58.2
