51.6
50.5
50.4
49.6
50.3
51.7
50.9
48.4
50.6
50.2
51.6
48.8
49.5
51.1
50.2
50.9
50.1
49.0
50.8
51.1
51.0
50.8
50.5
49.9
49.0
48.9
49.1
51.5
50.0
51.3
51.2
50.9
51.6
49.6
51.3
52.7
50.2
48.5
50.1
48.1
50.2
50.3
50.0
51.7
62.8
52.1
51.6
50.9
52.6
52.0
49.8
51.8
50.1
51.5
52.8
50.1
51.3
51.8
51.7
51.4
52.7
49.9
49.8
51.2
49.2
48.1
50.8
51.0
52.1
50.3
49.8
51.5
50.5
50.0
48.2
48.8
50.5
48.9
50.9
51.5
51.2
52.2
49.6
49.9
54.1
50.5
53.5
64.8
53.1
51.2
51.1
50.9
48.6
49.2
48.9
50.7
49.9
50.2
52.1
95.2
