28.3
39.2
27.6
31.4
29.4
28.3
30.1
28.1
34.6
28.7
28.9
31.2
28.5
31.7
28.2
28.2
32.3
28.8
29.1
29.5
27.5
30.8
33.3
28.9
28.6
31.1
28.8
28.5
28.1
28.3
28.6
31.8
28.0
27.7
29.8
27.7
27.5
30.0
29.2
29.4
29.1
28.3
29.2
29.6
33.7
29.5
33.2
28.1
28.1
29.5
28.5
28.8
30.1
31.6
29.8
29.6
29.6
27.6
27.6
29.5
29.4
28.6
29.5
28.1
30.5
31.5
28.9
32.9
30.8
30.1
27.7
27.7
27.7
28.0
27.7
28.1
28.0
29.1
27.5
29.2
27.8
29.0
29.0
28.8
31.2
27.4
28.7
28.3
42.1
29.3
30.3
29.9
27.9
31.5
28.6
29.4
31.0
27.9
32.1
29.4
