37.2
36.4
37.9
45.6
36.9
37.4
36.7
36.2
52.9
36.0
36.9
36.6
42.2
36.3
36.6
36.3
38.5
36.8
36.3
46.7
37.0
37.9
37.5
37.8
36.5
37.2
37.5
37.3
37.3
36.6
36.6
36.4
45.7
36.4
36.9
36.4
37.8
37.7
36.9
36.7
37.1
36.6
36.7
37.0
36.4
36.5
38.5
36.1
37.6
37.2
37.0
38.2
36.3
37.0
52.5
36.4
49.4
36.4
44.3
46.9
36.5
37.2
37.1
38.8
38.6
36.2
36.8
37.0
36.6
43.1
37.0
37.5
36.8
36.7
36.6
53.6
36.6
37.1
36.1
36.0
36.1
50.3
36.5
36.5
36.3
36.6
37.0
37.0
41.8
53.8
36.5
36.5
36.9
37.0
36.6
37.1
38.8
44.4
36.8
61.3
