56.6
52.8
57.6
55.7
53.5
61.6
59.2
52.5
56.4
56.6
58.5
58.7
62.6
55.4
57.8
56.5
58.8
53.0
52.4
62.9
59.7
60.5
62.1
53.6
58.5
57.4
61.0
69.4
54.1
66.5
52.2
69.4
60.8
57.0
56.7
52.7
57.1
56.3
56.6
53.9
58.3
54.3
54.1
54.3
53.4
55.1
52.1
55.1
52.9
56.8
58.5
57.3
61.6
60.0
53.9
51.0
56.4
63.9
58.0
53.2
61.6
56.6
84.3
58.5
55.2
51.3
68.0
58.9
59.5
57.2
58.3
61.2
58.6
60.2
60.0
56.8
58.4
62.0
54.5
57.5
55.0
61.4
51.9
54.1
59.7
58.2
56.8
50.9
51.3
54.7
50.8
51.5
52.6
55.1
56.3
56.1
64.7
51.5
53.7
49.9
