22.9
21.4
22.3
24.9
35.2
21.4
23.2
21.9
23.4
21.7
23.9
22.8
21.3
21.5
23.1
26.2
22.8
22.3
23.1
22.9
23.6
24.8
22.3
24.8
23.2
36.8
22.3
22.5
22.9
22.5
22.8
22.4
22.1
21.4
22.2
22.0
23.0
27.7
34.3
22.1
23.2
22.4
23.1
22.5
21.9
22.9
21.7
25.5
25.0
21.6
26.0
25.4
22.6
22.4
25.7
22.9
22.2
23.1
23.1
22.7
22.7
22.0
24.0
24.0
22.1
23.2
26.9
23.4
24.7
23.6
23.4
22.7
22.5
22.4
22.9
22.3
23.0
23.8
22.7
22.7
22.4
21.3
22.9
21.8
22.9
22.4
21.3
22.9
22.7
21.7
22.6
24.4
23.0
23.1
25.2
27.5
21.8
21.7
23.0
23.2
