35.0
36.5
32.8
38.1
49.5
32.3
66.4
47.3
55.4
36.8
35.0
37.6
38.0
33.0
33.5
32.7
36.0
33.6
33.4
34.2
37.5
32.4
37.0
44.7
91.6
35.9
33.0
34.8
33.4
33.1
37.7
37.2
37.3
32.5
33.0
33.2
36.7
34.9
33.6
31.8
32.4
32.5
34.0
32.7
37.3
33.2
34.2
33.1
33.8
32.4
36.0
32.0
34.3
31.7
33.7
34.5
32.6
36.0
33.2
35.9
35.1
32.3
34.3
36.3
34.6
37.2
33.7
33.4
36.9
40.4
32.1
34.2
37.9
33.1
38.8
31.8
34.0
34.0
37.9
33.6
33.0
37.5
36.1
33.8
37.1
31.8
48.2
32.2
32.9
35.9
32.7
35.8
33.0
32.3
33.8
34.7
33.0
32.1
32.6
34.4
