42.4
42.5
40.8
41.0
41.1
45.2
42.0
41.9
41.3
41.4
41.5
49.2
41.4
41.3
40.9
42.0
45.2
41.8
41.1
41.0
43.4
41.4
41.0
42.3
42.1
41.5
41.2
41.3
46.1
90.2
41.7
41.0
43.7
51.3
40.7
41.3
41.6
41.0
45.8
47.9
41.1
43.5
41.3
41.7
40.9
40.6
41.1
41.8
58.5
42.1
41.4
72.3
79.0
57.9
42.4
55.8
42.2
46.1
40.9
60.0
50.8
41.4
42.0
55.7
51.1
58.0
52.1
51.8
56.5
56.3
58.5
56.1
53.4
59.3
49.4
50.5
52.7
57.1
55.2
55.1
53.5
57.2
51.6
51.4
54.4
57.3
56.3
51.1
57.2
53.6
57.9
54.7
53.4
50.7
58.2
50.2
58.4
48.0
56.4
70.3
