48.0
16.2
19.6
36.4
17.4
17.0
46.3
17.7
17.4
16.2
18.4
17.3
16.5
19.0
17.4
21.7
16.5
17.6
16.8
26.0
16.0
17.6
22.2
39.7
16.0
16.8
16.6
17.5
18.4
17.1
17.1
16.5
17.5
16.4
17.1
17.4
17.3
16.7
17.5
16.8
16.7
16.5
18.0
16.0
16.2
16.8
19.6
18.9
17.9
15.8
17.9
17.4
17.3
16.4
16.2
16.4
18.6
18.7
17.2
17.7
22.3
16.6
18.1
15.7
16.8
16.7
16.8
22.4
17.6
17.7
17.6
17.1
17.4
17.8
16.4
16.9
25.5
24.8
15.7
15.6
17.4
16.6
18.4
16.3
17.2
15.8
15.6
16.5
17.7
17.1
16.1
18.5
16.5
17.4
17.7
23.6
16.5
16.3
16.8
20.8
