52.3
58.7
57.5
58.5
57.0
68.2
61.6
61.8
59.9
52.0
61.1
57.5
54.1
52.1
62.2
65.5
65.6
58.6
55.6
59.6
62.0
59.9
64.9
61.0
60.1
57.3
56.1
67.8
60.2
72.8
62.7
84.6
66.9
67.4
57.1
59.6
60.3
55.3
56.6
53.7
58.4
61.9
58.2
59.3
53.6
65.4
52.6
72.0
52.1
52.9
62.0
66.6
64.3
62.5
55.1
61.4
56.9
60.5
55.1
57.0
50.6
73.5
59.3
61.7
57.8
63.1
61.4
53.8
73.1
65.3
61.2
53.1
61.1
55.4
61.1
59.8
58.2
61.8
62.1
52.0
54.2
61.2
59.4
53.9
55.1
63.1
58.9
60.2
54.0
62.8
57.3
65.2
59.5
52.7
62.4
62.3
69.5
53.1
59.6
57.6
