34.6
32.9
32.2
33.0
32.2
32.9
33.1
32.8
32.0
32.5
32.7
33.2
32.2
31.7
30.9
24.5
27.9
34.8
27.1
32.9
32.0
41.0
38.7
32.9
31.9
33.3
27.7
32.6
23.5
32.4
36.7
24.5
27.5
23.8
24.4
33.6
31.7
23.9
23.6
23.6
33.0
24.8
23.7
23.9
23.9
24.6
31.9
24.6
32.6
32.2
32.3
36.2
32.0
32.7
32.5
23.8
31.6
32.8
31.9
32.3
31.5
32.0
31.4
31.4
31.7
31.7
32.7
33.1
33.3
31.6
32.7
32.5
32.8
32.4
31.5
23.5
25.0
32.3
25.7
23.5
32.6
24.0
23.6
23.5
24.0
23.4
24.1
23.8
24.6
23.4
31.5
31.4
23.4
32.9
31.7
23.6
23.5
35.7
32.4
31.4
