88.4
88.5
87.9
87.3
87.8
87.7
87.4
87.4
87.3
87.8
87.4
87.6
87.2
87.3
87.7
86.7
86.9
87.4
86.7
87.0
86.8
86.7
86.7
86.8
86.7
86.9
86.7
86.8
86.7
86.8
86.9
86.8
86.8
87.8
87.2
86.9
88.0
87.8
87.2
87.4
88.1
87.8
87.3
86.7
87.0
86.9
87.8
86.8
86.9
87.9
86.9
86.9
87.2
87.2
87.8
87.4
87.3
87.4
92.7
87.5
87.3
86.8
86.8
86.7
87.1
86.6
86.9
86.7
86.8
86.9
86.8
86.7
86.9
86.8
86.8
87.2
86.7
86.7
87.9
87.2
87.6
87.2
87.9
87.3
87.9
87.8
86.7
86.8
86.8
86.8
86.8
86.9
87.4
87.3
87.2
88.1
87.3
88.0
87.8
87.9
