19.4
19.4
20.1
19.5
19.5
20.2
19.4
20.3
19.3
19.4
19.9
19.4
20.4
19.4
19.5
19.9
20.0
19.9
19.6
19.5
19.6
19.3
19.4
20.1
19.3
20.2
19.3
19.5
20.2
19.3
19.3
19.3
19.4
19.5
19.4
19.4
19.9
20.0
19.4
19.3
19.4
19.4
19.5
19.4
20.0
19.4
19.4
19.4
19.4
19.5
19.5
19.4
19.5
19.3
19.4
19.4
19.6
19.6
19.3
19.4
19.3
19.4
19.5
19.5
19.3
19.4
19.3
19.4
19.4
19.3
19.5
19.3
19.4
19.4
19.4
19.5
19.3
19.7
19.4
19.4
19.9
19.5
19.5
19.4
19.4
19.4
19.5
19.5
19.6
20.1
20.1
19.5
19.5
19.4
19.6
19.5
19.4
19.4
20.1
19.6
