85.8
87.6
85.7
85.9
86.5
86.3
86.3
86.3
86.3
85.8
87.4
87.2
87.2
86.3
86.1
86.5
85.7
85.9
87.0
85.7
86.2
86.2
87.1
86.2
85.7
85.8
87.1
87.0
87.2
87.2
85.9
85.7
85.8
86.1
85.8
87.0
87.3
87.3
87.1
85.7
87.1
85.7
87.0
87.2
86.4
86.3
85.8
87.3
85.7
85.8
85.9
87.5
87.4
85.8
86.3
86.4
85.9
86.2
87.1
87.0
87.0
86.1
86.0
85.7
85.8
85.7
85.8
87.0
86.9
87.0
85.6
86.2
85.7
85.7
86.9
85.9
85.8
85.8
85.8
87.4
87.1
85.6
87.9
87.8
87.7
87.7
87.8
87.6
87.4
87.3
87.1
88.0
87.3
87.3
87.1
85.8
86.0
86.0
87.8
88.2
