81.1
80.9
81.2
81.4
81.1
81.6
81.3
81.0
81.1
81.2
81.2
81.1
81.1
83.0
81.3
81.6
81.0
81.2
81.5
81.1
80.8
81.4
81.3
81.4
81.2
81.4
81.2
81.1
81.3
81.3
82.2
81.0
81.2
81.1
81.6
81.0
81.5
81.0
81.3
81.5
81.5
81.1
81.5
81.5
81.6
81.0
81.4
81.3
80.9
81.4
81.1
81.4
81.3
81.4
80.7
81.5
81.4
81.3
81.5
81.0
81.1
81.6
81.2
81.4
81.1
81.1
81.3
81.2
81.2
81.3
81.2
81.5
81.2
81.5
81.9
81.6
81.6
81.8
81.4
83.8
81.2
81.9
81.4
81.7
81.5
81.5
81.3
81.5
81.3
84.6
81.7
85.3
81.4
84.2
84.8
81.3
81.8
81.6
83.3
82.2
