87.4
87.6
87.6
87.7
87.3
87.3
87.6
87.3
87.7
87.5
87.1
87.5
87.4
87.5
87.7
87.1
87.6
87.4
87.5
87.5
87.3
87.0
87.7
87.3
87.6
87.2
87.4
86.9
87.4
87.3
87.4
87.8
87.4
87.7
87.7
87.3
87.4
87.2
87.0
87.4
87.3
87.4
87.3
87.5
87.5
87.4
87.5
87.8
87.2
87.5
87.8
87.0
87.3
87.2
87.5
87.8
87.6
87.1
87.9
87.6
87.6
87.8
87.0
87.0
87.6
88.0
87.1
87.5
87.1
87.4
87.4
87.8
87.5
87.8
87.5
87.5
87.5
87.6
87.6
87.5
87.5
88.2
87.7
87.7
87.6
87.6
87.2
87.6
87.4
87.3
87.4
87.4
88.0
87.1
87.5
87.7
87.1
87.2
87.2
87.6
