37.4
37.0
36.8
37.4
37.0
38.0
41.9
37.8
37.5
37.3
37.4
45.1
37.0
35.7
38.7
38.9
38.2
45.2
37.1
38.7
44.5
38.7
39.0
37.5
36.6
35.9
38.1
39.1
36.4
37.5
39.0
36.9
40.5
39.9
38.2
37.7
38.1
36.3
37.5
37.6
36.7
38.4
36.9
36.8
38.3
37.0
36.7
42.7
38.6
40.4
35.7
36.7
41.0
37.2
42.7
39.3
41.2
37.1
36.6
35.1
43.0
36.3
37.9
37.1
38.3
41.2
37.4
36.9
39.0
36.0
38.7
36.2
36.5
37.5
37.6
35.1
38.3
37.5
41.8
35.7
38.3
36.6
39.1
37.1
36.9
37.4
42.9
36.5
37.2
37.2
37.0
36.6
35.5
37.5
46.2
37.3
37.5
37.1
35.5
37.7
