60.2
60.6
68.0
63.4
61.1
61.2
60.0
64.9
66.6
64.9
65.1
58.9
67.7
64.5
63.0
60.3
68.0
59.3
66.0
67.3
69.1
58.8
62.9
59.5
60.1
66.3
64.7
69.7
59.6
74.1
59.3
60.0
68.5
64.2
61.7
60.3
60.2
59.8
63.0
64.3
60.5
60.4
69.1
60.9
61.8
69.3
59.7
65.1
64.9
64.5
61.7
62.6
67.5
65.8
65.1
67.7
68.0
63.1
60.1
62.8
62.6
63.8
59.6
71.2
67.6
66.8
61.8
63.1
61.3
65.8
63.4
59.6
62.7
59.9
65.5
59.6
67.0
64.3
62.7
66.2
65.2
60.1
66.6
67.9
59.8
67.6
61.7
62.7
67.3
60.2
61.1
60.0
60.0
60.6
60.8
60.7
60.7
62.6
67.5
64.9
