37.3
36.4
36.5
36.4
36.3
36.8
37.0
36.5
36.6
37.2
36.5
44.7
38.3
37.8
50.6
36.3
38.1
41.7
37.6
37.0
37.0
43.8
36.4
37.4
37.5
36.8
36.4
37.0
37.1
37.3
37.6
37.5
36.8
37.0
37.1
37.5
37.2
36.5
37.4
36.4
37.3
36.7
36.9
36.2
37.7
36.4
37.4
37.4
36.5
37.2
38.1
37.2
37.4
37.6
37.1
36.7
37.0
36.4
37.2
36.3
37.2
36.5
36.7
37.0
36.4
37.4
36.6
39.8
37.2
36.4
37.1
47.7
36.8
36.7
42.8
37.1
36.6
36.7
36.5
36.4
36.4
37.6
36.7
36.9
36.8
36.6
36.7
36.3
36.7
39.1
36.9
36.3
38.2
38.0
36.6
36.7
36.9
36.7
37.1
37.7
