19.9
20.7
20.2
19.4
49.0
21.1
19.6
19.5
37.5
19.7
19.7
19.7
20.6
19.8
21.8
19.7
18.8
20.6
36.0
19.6
20.0
20.2
19.5
20.1
19.2
19.7
20.4
23.0
19.1
58.3
19.0
19.3
18.2
19.5
20.1
19.7
18.8
18.4
57.6
20.6
20.6
20.2
20.6
20.8
19.5
20.5
20.1
22.0
20.1
19.1
19.3
20.2
19.3
19.2
43.3
20.4
35.5
20.4
20.2
41.1
22.8
19.7
21.0
22.3
19.6
26.1
19.8
19.6
21.3
19.8
20.2
27.0
21.8
20.0
19.8
18.1
19.9
20.5
20.8
18.7
20.4
19.8
19.2
19.3
22.4
20.2
20.6
22.0
18.2
37.6
20.2
20.2
19.9
19.7
87.4
18.7
27.1
37.0
20.4
19.3
