30.1
28.4
31.1
25.1
27.1
36.2
26.6
35.0
30.8
36.6
27.1
29.3
28.8
31.3
26.4
26.5
35.9
26.1
26.9
28.5
26.6
27.3
25.0
35.4
28.7
27.6
26.3
26.8
27.1
24.4
25.4
26.2
29.3
29.0
25.8
25.9
29.4
25.8
26.5
29.4
25.0
27.3
25.9
48.1
24.7
24.1
27.6
30.8
26.4
27.5
30.3
45.8
25.7
28.8
29.7
26.3
26.8
26.7
25.1
29.9
52.8
27.1
27.5
30.1
28.1
25.7
34.7
26.1
34.3
29.2
29.5
26.9
25.7
27.4
29.4
28.4
28.8
25.4
24.6
25.1
25.7
24.9
25.8
27.6
27.3
25.2
26.2
29.4
28.6
31.8
27.9
31.0
26.1
27.2
27.2
33.3
40.1
26.0
31.8
36.0
