32.2
32.2
32.2
32.2
32.3
58.1
50.0
41.3
52.3
32.0
52.9
32.3
32.0
32.4
32.9
32.2
32.3
32.2
32.2
32.1
32.2
32.0
32.3
32.1
32.6
32.3
32.5
32.3
32.0
32.1
32.2
32.2
32.3
31.9
31.9
32.0
32.6
32.2
31.9
32.2
32.1
32.1
32.2
32.1
32.1
32.2
36.1
32.0
32.1
31.9
32.3
32.5
32.1
32.1
32.1
32.1
32.6
32.1
32.5
32.4
32.3
32.4
32.3
31.9
32.4
32.2
32.2
32.3
32.1
33.4
32.1
32.1
32.2
32.4
32.3
32.1
31.7
32.1
45.8
32.2
32.6
32.1
32.2
32.0
32.4
32.4
32.3
32.3
32.1
32.3
54.3
32.1
32.1
32.0
32.2
32.2
32.1
32.4
32.1
41.3
