29.4
28.5
29.0
28.0
28.5
28.7
28.8
29.5
28.9
28.6
28.8
28.9
29.3
28.5
28.9
29.1
28.7
28.5
28.5
29.4
28.8
28.1
29.0
28.8
28.4
28.4
28.8
28.6
28.7
28.8
28.6
28.7
29.1
28.7
28.7
28.4
28.5
28.3
28.6
28.2
28.6
28.3
29.0
28.5
28.5
28.5
29.0
29.2
28.5
28.5
28.7
28.3
28.7
29.1
28.5
28.7
28.6
28.8
28.9
29.0
28.6
28.7
29.0
28.3
28.5
28.6
29.1
28.6
28.5
28.3
28.9
28.0
28.7
29.4
28.1
28.6
28.9
28.5
28.3
29.0
28.2
28.8
28.4
28.9
28.6
28.8
28.8
28.4
28.0
28.7
28.6
28.1
29.0
28.4
28.7
29.4
28.6
29.0
28.5
2549
