1.03
1.12
1.07
1.01
1.14
1.10
1.05
1.20
1.05
1.00
0.942
0.967
0.948
1.12
1.14
1.07
1.19
1.09
0.999
1.14
1.17
0.972
1.08
1.14
1.27
1.21
1.12
1.25
1.11
1.04
1.07
1.19
1.24
1.15
1.12
1.08
1.17
1.12
1.09
1.06
1.09
0.972
1.03
1.04
1.15
1.12
1.14
1.10
1.07
1.15
1.04
1.02
1.04
1.17
1.07
1.11
1.14
1.07
1.06
1.12
0.957
1.08
1.03
1.17
1.01
1.09
1.16
1.09
1.00
1.02
0.948
1.01
1.11
0.990
1.07
1.08
1.11
1.03
1.03
1.15
1.20
1.01
1.01
1.17
0.999
1.07
1.05
1.16
1.56
1.10
1.09
1.09
1.07
0.980
1.10
1.14
1.18
1.09
1.02
1.07
