1.03
1.00
1.09
1.01
0.970
1.14
0.961
1.09
0.933
1.06
1.09
1.04
1.09
1.04
1.04
0.964
1.07
1.02
1.13
1.03
0.955
1.04
0.999
0.949
0.977
0.976
0.983
0.992
0.998
1.09
1.09
1.06
0.966
1.01
0.970
1.04
1.07
1.08
1.05
0.969
0.988
1.01
1.15
1.07
1.08
1.06
0.954
0.972
0.996
0.959
0.990
1.07
1.04
1.10
1.04
1.04
1.04
1.11
1.06
1.18
1.05
1.08
1.08
0.939
1.06
1.11
0.911
1.01
1.03
1.10
1.03
1.02
1.12
1.07
1.02
0.922
1.09
1.11
22.2
1.06
1.14
1.01
1.03
1.00
1.07
0.956
1.12
1.06
1.09
1.07
1.07
1.07
1.01
1.07
1.09
1.02
1.05
