7.73
7.67
7.65
7.77
7.62
7.72
7.70
7.73
7.60
7.70
7.70
7.61
7.69
7.57
7.64
7.61
7.60
7.64
7.71
7.60
7.60
7.60
7.59
7.89
7.92
7.64
7.54
7.71
7.59
7.68
7.71
7.60
7.54
7.70
7.59
7.71
7.73
7.61
7.66
7.57
7.69
7.58
7.57
7.67
7.70
7.70
7.62
7.56
7.64
7.58
7.60
7.57
7.53
7.66
7.58
7.64
7.65
7.78
7.72
7.68
7.69
7.66
7.60
7.74
7.63
7.70
7.58
7.66
7.67
7.61
7.67
7.66
7.71
7.61
7.73
7.72
7.58
7.62
7.61
7.64
7.66
7.57
7.72
7.63
7.58
7.60
7.80
7.68
7.69
7.54
7.75
7.63
7.68
7.78
7.69
7.62
7.64
7.73
7.74
7.64
