57.4
56.5
57.0
53.4
54.5
54.6
53.9
59.5
55.9
52.9
56.7
56.1
54.6
55.0
54.7
54.2
55.4
56.3
57.7
53.3
55.3
56.4
53.7
55.3
55.6
55.5
56.3
59.5
54.8
66.7
67.7
65.5
57.7
56.0
59.4
53.4
57.8
57.2
56.2
53.4
53.1
53.3
55.7
55.5
54.2
55.1
56.8
56.7
57.6
56.8
58.3
56.4
54.0
58.2
55.8
58.7
60.3
56.1
55.4
54.8
55.5
52.7
58.0
57.0
57.3
56.1
54.9
58.6
59.8
54.3
53.9
55.7
53.2
54.1
54.6
57.9
52.2
53.6
55.4
59.0
54.5
57.4
55.1
56.1
59.3
56.9
55.2
53.1
57.4
54.3
57.8
53.9
59.7
57.3
55.4
55.2
52.8
58.4
56.4
52.5
