19.3
21.3
23.9
26.0
17.8
20.6
23.9
21.4
27.6
19.3
22.1
19.3
23.8
46.9
20.1
55.2
23.5
86.1
21.2
24.1
32.0
25.0
52.1
38.1
21.7
26.0
23.0
20.9
24.3
29.5
25.9
21.4
24.9
26.6
20.7
21.1
20.1
21.7
21.4
19.2
21.4
24.9
20.9
39.7
19.6
25.1
19.4
23.8
15.3
31.0
24.8
19.4
23.8
20.2
24.8
22.4
25.5
23.8
21.6
22.6
22.8
24.3
23.0
30.4
30.1
23.7
24.1
17.1
43.1
25.6
24.3
24.8
22.8
26.0
22.0
22.5
21.4
23.1
22.4
31.2
25.4
21.9
17.0
21.2
25.0
25.1
22.8
22.0
24.9
21.7
21.6
27.1
26.6
20.2
25.2
22.3
25.6
27.2
26.9
25.7
