32.2
32.3
32.6
32.2
32.2
32.3
32.3
32.1
32.2
32.2
35.2
88.7
32.1
32.2
32.3
32.1
32.1
32.2
32.2
32.1
32.1
32.2
32.2
32.1
32.3
32.2
32.1
32.1
32.2
32.1
32.1
32.1
32.2
32.2
32.2
32.1
32.1
32.1
32.1
32.3
32.1
32.2
32.1
32.2
32.2
32.3
32.2
32.0
32.2
32.1
32.2
32.1
32.1
32.2
32.2
32.2
32.3
32.2
32.3
32.2
32.3
32.2
32.2
32.1
32.1
32.2
32.2
32.2
32.1
32.1
32.2
32.1
32.2
32.1
32.2
32.2
32.2
32.1
32.1
32.1
32.2
32.1
32.2
32.1
32.1
32.1
32.1
32.1
32.1
32.2
32.2
32.2
32.1
32.1
32.1
32.2
32.1
32.2
32.2
32.1
