35.4
37.4
35.2
47.5
34.2
34.8
36.1
36.5
35.1
36.9
37.9
33.6
34.4
34.1
35.6
33.9
35.1
36.1
39.6
34.4
35.1
36.8
36.0
35.3
50.9
35.1
35.1
35.4
36.7
34.2
36.1
36.6
34.5
34.1
35.7
37.4
34.3
33.9
34.9
37.4
36.4
35.7
32.6
34.2
34.1
35.9
37.1
35.1
34.1
33.6
38.5
35.2
36.3
37.1
34.8
41.4
32.5
37.2
37.1
36.4
37.4
37.4
35.9
38.3
35.9
37.8
34.1
37.5
35.7
36.5
39.5
36.6
34.8
32.8
33.5
33.2
36.5
37.8
33.8
35.9
35.8
34.3
38.2
35.6
33.2
36.0
40.4
39.4
35.4
32.8
39.3
37.4
33.9
35.4
40.4
33.7
34.7
38.3
34.2
36.4
