85.4
85.7
85.4
83.3
83.0
84.9
84.6
84.9
85.3
85.2
84.7
85.0
92.4
84.3
83.1
84.4
84.6
84.2
85.0
84.3
83.3
83.5
85.1
85.0
84.9
84.3
85.1
96.7
83.7
82.7
82.0
82.3
91.3
84.0
84.7
84.9
85.6
84.5
83.5
84.1
83.5
84.4
84.4
83.5
84.5
85.5
83.6
83.4
84.4
83.7
84.7
84.6
84.6
84.5
84.4
90.8
84.3
83.3
83.7
84.4
84.2
84.7
84.3
84.3
84.7
83.6
85.5
85.4
85.1
84.6
84.5
84.3
83.7
83.4
84.9
84.5
84.3
83.4
84.7
84.1
84.2
84.6
83.5
83.7
84.0
85.2
84.3
84.3
84.2
84.0
84.6
86.1
84.5
83.7
84.0
85.3
85.0
84.7
84.5
83.3
