51.5
41.6
50.9
51.8
51.0
51.5
51.2
42.4
42.1
42.9
53.2
41.9
42.1
52.0
42.2
50.9
49.6
41.0
41.0
50.7
51.9
50.2
41.6
41.7
60.1
40.8
41.2
49.8
41.2
41.8
50.6
41.9
41.7
52.0
56.6
51.3
41.2
41.4
41.4
51.8
51.6
42.7
42.1
42.1
41.8
41.3
51.3
51.6
41.5
41.9
41.2
41.2
52.6
57.1
51.4
41.6
40.8
50.3
51.3
41.4
41.4
51.2
52.3
49.8
49.4
52.1
50.3
49.7
40.9
53.9
41.1
41.4
41.4
51.2
40.9
41.5
50.4
51.4
41.1
42.7
41.6
50.9
52.5
51.1
53.0
51.2
51.4
50.3
49.9
51.5
50.0
40.5
50.3
51.3
50.9
50.1
52.4
51.9
51.9
50.3
