33.2
31.9
37.5
33.7
33.5
33.2
32.7
34.3
34.1
31.6
34.8
31.0
39.2
32.1
32.4
33.1
35.0
33.5
32.8
36.5
36.4
32.0
41.0
32.6
31.9
34.9
31.0
33.0
32.1
30.6
33.3
31.5
32.9
31.3
32.6
30.5
31.6
32.4
31.5
32.4
33.3
30.6
31.2
34.3
31.6
32.3
33.8
32.0
32.3
30.8
32.0
30.8
31.3
32.1
32.2
32.0
32.7
31.8
31.4
31.1
31.8
31.4
33.1
31.8
35.7
32.4
31.6
32.3
33.6
37.5
31.8
35.2
32.1
30.6
43.0
32.5
31.7
31.4
31.5
33.5
34.5
31.1
30.3
31.9
30.6
33.1
31.7
33.0
31.8
32.8
31.0
39.0
31.2
32.3
30.7
32.9
33.3
32.5
33.7
34.7
