67.4
69.1
68.8
67.0
68.5
69.3
67.5
68.9
69.7
69.4
68.1
67.8
67.5
69.6
67.8
67.1
67.6
68.7
68.4
68.0
68.9
68.2
67.0
67.8
67.1
68.5
68.2
66.8
68.4
80.1
81.3
67.7
67.3
67.6
69.9
67.2
68.5
69.1
68.7
69.1
67.1
71.5
68.2
68.7
67.7
66.9
68.1
67.6
68.0
69.1
68.0
68.9
67.9
67.5
68.1
69.4
69.0
67.2
68.6
69.2
70.8
67.4
69.0
69.3
69.2
69.7
68.7
68.2
69.7
68.7
67.6
67.9
67.7
68.4
72.5
69.1
68.0
69.3
67.8
68.2
69.4
68.4
67.1
68.4
68.4
67.7
68.4
69.2
68.8
67.2
68.2
69.1
68.0
68.2
69.4
68.3
68.5
69.2
68.3
68.7
