52.0
61.0
52.2
51.8
52.6
53.4
51.2
51.2
52.4
51.2
51.7
55.2
51.5
50.5
52.0
54.9
53.9
55.4
51.4
50.7
50.8
51.7
52.6
51.7
50.8
52.6
50.6
51.6
52.1
50.5
63.0
50.7
51.8
51.1
50.3
52.1
50.3
52.4
50.5
52.5
51.5
50.2
56.1
51.1
51.9
52.0
52.9
51.4
51.1
51.2
53.8
50.6
50.7
52.5
51.1
51.9
49.8
61.4
53.6
50.8
54.2
54.0
54.3
52.3
51.3
54.3
52.3
55.0
51.6
50.6
50.9
50.7
50.2
51.7
51.9
53.1
51.9
51.2
51.3
50.1
51.4
52.0
51.1
49.4
51.4
51.0
52.0
50.6
50.0
51.4
51.3
51.6
50.3
51.0
51.4
51.0
52.5
52.2
52.3
50.9
