53.1
53.4
53.4
58.6
52.7
53.1
52.9
52.6
54.6
52.2
53.4
52.0
54.2
52.4
52.6
52.5
52.8
52.5
52.6
52.1
51.1
48.1
53.9
53.2
53.2
51.8
52.6
52.7
53.9
53.8
52.5
51.7
51.6
52.6
53.4
41.4
42.7
50.9
53.1
54.4
43.7
52.2
52.5
53.7
42.9
53.7
56.3
42.2
53.3
53.2
52.2
52.1
51.7
51.8
53.6
51.8
54.0
52.7
52.4
53.1
54.1
50.9
53.0
51.3
50.8
51.7
52.6
53.1
41.7
53.0
53.6
50.6
53.1
52.8
52.1
52.6
53.8
51.0
51.8
53.7
51.2
52.3
52.1
51.9
53.5
52.2
51.8
52.1
43.0
51.4
42.2
52.6
56.9
50.3
43.0
42.1
52.4
53.4
54.3
51.6
