42.5
39.3
50.7
40.3
39.7
41.2
51.2
50.0
41.3
50.5
40.3
40.2
41.6
55.6
40.1
41.7
41.6
40.0
41.0
41.5
41.4
49.9
51.2
41.2
51.1
50.7
51.5
51.5
40.6
41.4
52.0
50.0
52.9
49.5
40.6
49.5
52.6
50.7
50.0
49.6
41.6
49.7
49.8
40.4
40.5
42.3
42.1
40.3
40.8
50.0
51.7
50.8
40.4
41.1
40.2
53.4
49.8
59.6
52.1
50.2
50.7
51.9
42.0
41.1
51.5
53.1
48.3
41.0
68.7
50.2
65.9
40.5
49.5
50.5
41.0
40.8
50.3
40.2
41.5
41.3
39.1
39.9
49.3
49.1
50.8
50.3
64.7
39.2
41.0
40.0
51.0
50.5
52.2
49.1
52.6
51.7
40.2
50.7
41.2
40.8
