20.5
19.6
22.8
19.8
30.8
22.1
19.6
20.0
19.0
21.5
21.6
26.3
18.8
19.3
18.2
40.1
23.7
19.7
27.6
26.6
29.4
32.3
21.5
22.7
19.7
21.2
48.4
18.6
21.2
21.3
19.7
19.8
19.8
19.6
20.0
18.4
22.5
20.0
20.0
21.2
22.3
19.3
19.1
22.7
20.7
22.8
19.8
21.2
23.1
28.4
23.2
29.5
21.6
21.4
21.5
20.8
19.8
23.2
32.3
21.9
32.0
23.2
30.8
23.7
18.8
23.1
21.1
28.0
19.1
20.7
22.6
18.1
19.8
20.3
21.5
18.4
39.0
20.5
21.6
18.8
18.7
19.2
21.7
18.4
19.0
19.2
22.1
48.7
56.9
18.5
19.5
22.3
26.3
20.8
62.1
20.4
25.4
24.7
69.9
23.4
