23.5
25.2
25.8
40.5
25.2
25.2
24.5
25.0
24.9
24.8
24.1
24.9
26.9
26.5
25.2
40.9
25.7
24.5
25.1
25.8
24.0
27.2
26.2
26.4
23.5
25.6
37.5
24.0
24.2
26.1
23.5
24.3
24.0
24.1
25.7
24.8
25.0
25.0
25.6
25.5
25.2
25.3
25.6
25.8
24.4
25.4
25.0
25.3
25.8
24.6
25.8
26.8
26.0
25.5
25.4
25.5
25.9
24.8
25.4
25.8
23.5
27.0
24.8
25.5
24.8
25.7
24.4
24.4
24.2
25.5
25.4
26.3
24.6
25.6
26.5
24.5
23.7
24.6
25.7
25.3
24.1
57.5
25.3
24.2
26.1
23.7
28.1
24.1
25.9
26.0
26.2
25.6
39.4
25.9
23.4
40.3
26.1
45.8
24.0
24.9
