16.3
15.2
18.1
16.2
25.3
17.5
15.2
17.0
18.5
17.3
16.2
16.4
16.6
17.2
24.1
17.5
18.9
18.7
20.3
17.4
17.9
18.5
24.3
20.4
16.7
17.7
17.4
18.3
17.5
16.5
22.4
16.0
15.7
18.4
14.6
14.9
15.2
16.1
16.9
15.9
15.3
17.4
32.1
19.5
16.4
17.1
16.1
27.7
20.0
16.4
16.0
15.9
17.4
30.5
25.5
15.9
16.3
16.4
22.4
35.3
17.4
20.7
16.5
18.6
17.6
17.7
17.4
31.1
17.1
18.0
15.0
19.5
17.6
17.8
16.1
15.5
15.2
16.0
17.4
18.4
15.5
16.7
16.9
15.5
16.7
15.9
17.0
31.2
22.2
14.7
15.2
23.8
35.5
16.7
17.6
15.5
31.0
15.4
17.2
18.1
