26.1
26.2
26.4
26.8
26.7
26.0
25.6
26.8
26.0
25.9
26.7
26.8
26.5
26.1
26.5
26.1
26.4
26.2
26.3
26.2
26.1
26.7
26.7
27.8
28.8
28.4
26.8
32.7
28.8
26.4
28.7
28.3
28.3
31.1
28.6
29.8
29.3
26.3
28.1
31.4
28.8
28.7
26.2
27.8
30.2
27.7
27.4
26.5
26.0
26.8
28.2
30.2
26.4
26.4
26.2
31.9
25.9
26.3
29.9
27.4
29.3
30.3
28.3
27.9
31.1
30.1
27.0
26.5
26.3
30.6
27.5
33.2
31.9
27.0
27.8
29.4
29.4
27.3
27.2
26.4
29.7
28.0
27.1
32.3
26.6
26.1
26.4
26.6
26.6
27.1
29.6
26.9
29.5
27.3
27.3
30.5
26.6
32.1
31.7
26.1
