25.5
25.5
25.5
26.0
25.4
25.8
25.8
25.5
25.8
25.8
25.6
25.8
25.5
25.5
25.7
25.5
25.5
34.7
25.5
25.8
25.6
25.8
25.8
25.7
26.5
25.8
25.5
25.3
25.4
25.4
25.0
25.4
25.6
25.5
25.5
25.4
25.6
25.2
25.7
25.6
25.4
25.6
25.6
25.8
26.0
25.3
25.6
25.5
25.8
25.5
25.7
25.4
26.0
25.8
25.9
25.8
25.8
25.8
25.9
25.3
25.8
25.7
25.7
25.9
25.6
25.7
25.9
25.6
25.8
25.6
25.6
25.7
25.6
25.7
25.8
25.8
25.6
25.2
25.3
25.3
25.4
25.0
25.6
25.2
25.7
25.3
25.8
25.6
25.7
25.6
25.4
25.8
25.7
25.7
25.9
25.7
25.7
25.8
25.8
25.7
