24.4
24.8
24.7
24.5
24.8
24.7
24.9
24.7
24.5
24.9
24.0
24.3
24.7
25.0
24.6
24.9
24.5
24.4
24.5
24.7
24.8
24.6
25.5
24.6
24.7
24.5
24.5
24.7
24.9
24.6
25.1
24.1
24.1
24.4
24.6
24.7
24.6
24.3
24.6
24.3
24.5
24.8
24.9
24.3
25.0
24.9
24.4
24.3
24.6
24.1
24.2
24.5
24.8
24.0
24.5
24.2
24.7
24.9
24.5
24.9
24.8
24.7
25.0
24.5
24.6
24.6
24.8
24.8
26.7
24.3
24.4
24.7
24.3
24.9
24.7
24.5
24.8
24.2
24.4
24.6
24.2
27.0
25.2
24.7
24.8
24.4
25.1
24.5
24.7
24.7
24.4
24.7
24.4
24.7
24.7
24.6
24.4
24.9
25.0
24.6
