30.5
26.1
26.1
26.6
26.1
27.5
26.3
26.1
28.0
26.3
27.0
26.0
33.0
26.1
27.9
26.3
26.0
26.2
27.7
26.1
27.2
27.7
26.0
26.2
28.1
26.5
26.9
29.5
26.6
26.8
26.9
26.7
28.2
27.6
26.3
26.4
26.0
28.2
26.1
26.4
27.5
27.1
26.4
28.3
27.5
30.7
26.2
26.4
27.0
26.2
29.0
27.2
30.4
28.8
26.2
26.5
26.1
26.8
27.2
27.1
26.2
26.6
26.1
26.3
26.3
26.3
26.1
27.8
26.4
28.8
26.2
26.3
26.1
27.2
26.7
29.4
26.3
26.2
25.9
26.1
26.2
26.2
26.1
28.2
26.0
26.9
26.1
26.2
26.4
26.3
26.4
26.5
26.0
26.1
26.5
26.4
26.2
26.0
26.1
26.2
