13.5
13.2
18.5
12.4
13.4
12.8
14.1
12.9
12.4
13.4
13.9
13.9
13.4
13.1
22.4
12.3
12.9
12.9
12.9
13.6
12.3
14.4
13.4
12.8
13.0
15.5
13.1
13.0
12.3
12.8
13.6
13.8
13.8
12.9
12.5
12.2
12.2
11.9
12.9
15.9
14.8
14.0
18.8
13.6
15.5
14.2
13.5
14.1
13.5
13.4
12.3
13.7
13.3
13.8
18.8
13.3
14.1
14.4
13.1
13.2
14.1
21.8
13.4
12.5
13.9
13.6
13.7
12.2
13.3
14.2
13.2
12.2
13.7
12.7
13.6
12.6
15.8
13.6
12.3
13.4
13.1
12.3
13.5
13.2
13.6
14.5
12.4
12.8
13.5
13.2
12.6
13.9
13.0
12.5
12.9
13.9
13.6
12.5
12.2
13.1
