74.6
73.7
74.6
74.6
73.7
74.6
74.7
74.6
74.7
73.7
73.7
74.0
74.9
74.1
74.9
74.1
74.6
74.6
74.6
74.6
74.8
73.8
74.6
74.6
74.6
74.7
74.6
74.0
74.9
73.4
86.3
73.4
73.5
74.5
73.5
73.7
74.6
74.6
73.6
75.0
73.7
74.6
74.8
74.8
74.2
74.6
74.7
74.9
74.6
73.4
73.8
74.7
74.6
74.5
73.8
74.3
74.6
73.4
74.2
74.2
74.3
74.3
74.3
74.3
73.8
75.0
74.9
74.6
74.4
73.4
74.0
74.0
74.6
74.4
75.5
73.8
74.6
74.6
74.7
74.6
74.5
74.1
73.5
74.3
73.3
73.6
74.3
73.7
74.5
73.7
74.8
74.6
74.9
73.7
73.8
73.8
73.7
74.6
73.8
73.8
