61.4
63.5
62.6
62.0
60.9
62.2
60.3
61.6
61.8
60.7
61.9
61.8
61.6
62.1
60.8
61.9
62.3
62.2
62.6
61.0
60.2
61.0
61.5
60.3
60.9
62.5
61.1
74.4
60.7
74.2
73.7
60.1
61.7
60.5
61.9
61.3
61.5
62.1
61.5
61.8
62.0
62.3
60.5
60.7
63.7
61.5
63.5
60.3
62.8
61.2
60.7
61.8
62.5
61.3
60.8
62.6
61.6
61.3
62.4
61.3
63.5
62.1
60.5
61.9
62.5
61.0
60.1
60.9
61.7
60.0
61.7
61.7
62.0
61.8
60.4
62.6
61.9
61.6
62.2
60.7
60.1
61.4
60.9
61.8
61.0
61.0
61.3
61.6
60.0
61.3
62.2
61.4
62.7
62.1
61.6
61.8
61.1
63.3
62.4
61.6
