33.7
33.1
34.8
33.0
35.6
35.5
35.4
32.7
32.9
33.0
35.7
32.2
36.3
33.6
32.7
36.0
32.9
35.6
35.5
35.2
33.0
33.0
34.6
35.3
32.3
33.2
33.8
35.3
35.5
35.2
36.1
36.1
33.6
32.4
34.9
35.7
32.3
32.1
32.7
35.7
33.5
32.3
32.9
35.0
33.3
35.7
35.2
33.5
35.1
34.8
33.2
33.1
32.7
35.1
35.7
35.3
32.4
34.9
33.5
33.4
34.9
35.8
32.7
60.3
35.4
32.6
35.7
35.5
33.6
32.9
35.3
35.7
35.9
35.2
32.8
36.0
35.7
32.5
35.9
33.1
33.3
33.3
33.1
34.4
35.4
34.8
32.4
35.6
32.4
32.4
33.5
35.0
34.5
39.6
64.3
38.2
38.5
32.7
35.4
35.4
