31.4
33.3
32.1
33.9
33.2
30.3
29.7
32.8
29.6
31.5
34.6
32.5
32.4
32.2
30.9
32.6
30.0
34.4
33.1
31.7
31.9
31.4
30.0
31.1
31.7
30.8
31.7
31.9
30.1
33.0
31.7
28.9
32.4
29.9
35.2
32.9
29.7
29.9
33.0
30.4
31.4
33.1
29.4
31.7
33.1
35.7
28.8
33.6
32.5
32.1
30.0
32.2
31.3
29.5
29.6
35.7
31.6
30.4
30.8
33.8
32.6
31.3
32.9
31.6
30.3
30.8
32.5
29.2
36.1
32.7
29.7
29.4
33.9
28.9
29.1
31.7
34.4
30.4
32.4
28.8
28.9
30.7
32.1
31.0
29.4
30.7
31.2
32.0
34.3
29.8
33.4
34.5
32.4
29.6
34.0
30.5
31.7
34.3
30.7
31.4
