39.3
50.8
40.4
39.1
37.2
39.5
40.7
41.8
39.7
40.3
37.5
76.5
44.6
37.1
37.4
39.7
40.5
38.0
41.4
39.7
38.0
38.2
39.0
39.5
38.4
37.9
42.0
41.2
38.9
50.5
37.4
45.1
39.4
37.8
38.5
38.9
43.0
39.8
49.6
37.0
36.5
40.7
40.5
39.3
44.5
41.3
71.3
41.4
39.9
47.7
42.0
40.6
38.4
39.5
37.5
39.6
45.3
39.4
38.7
36.9
37.0
39.3
38.4
55.4
40.9
47.3
38.5
37.7
38.7
39.9
47.9
43.0
40.0
51.0
41.9
46.5
39.5
39.1
37.3
37.6
41.1
37.1
40.0
40.7
40.4
38.1
38.1
41.6
45.1
39.2
40.7
37.5
43.3
37.5
42.8
39.1
38.3
38.7
40.5
37.7
