43.9
45.3
45.7
45.0
44.3
45.1
46.0
45.6
46.9
46.0
43.5
44.5
45.5
45.8
44.7
44.3
44.1
45.7
48.5
45.7
45.2
47.9
44.1
45.9
45.1
44.5
45.6
43.9
47.2
45.7
45.8
46.0
48.0
51.9
43.9
48.1
46.9
44.5
44.0
47.6
44.7
62.7
47.7
46.5
50.0
45.8
43.1
44.7
46.9
45.5
43.8
47.5
43.5
44.6
63.5
52.2
46.0
47.6
45.0
42.7
52.7
44.8
42.4
46.6
46.9
47.4
48.0
45.3
57.5
43.3
52.0
45.4
45.8
44.3
44.6
44.6
42.8
47.2
46.3
46.7
42.9
46.0
45.7
45.4
46.6
47.9
45.9
48.9
53.9
44.9
44.1
45.5
43.9
44.5
44.5
46.1
46.2
44.7
44.1
43.7
