46.2
46.9
49.8
51.7
45.4
42.1
42.6
50.5
44.3
41.3
45.9
51.1
43.1
46.8
46.5
40.8
50.0
43.6
50.6
46.3
48.1
50.8
43.7
45.5
47.4
42.8
52.2
50.3
52.0
48.5
52.7
50.9
40.2
48.9
46.5
49.9
43.6
47.1
40.3
40.4
54.5
44.9
44.1
42.5
52.6
49.7
48.7
45.6
51.6
48.9
46.3
48.6
42.4
47.7
45.3
48.8
48.7
50.5
43.5
42.0
44.5
41.9
43.0
50.5
45.7
42.7
46.5
43.0
50.5
47.9
45.6
46.2
40.9
47.7
43.9
42.6
49.8
46.4
44.1
51.6
45.0
45.8
43.8
49.1
48.3
44.4
43.8
44.1
44.5
45.4
50.6
50.7
47.3
43.7
43.3
47.3
42.7
48.3
48.0
74.5
