20.0
23.5
25.1
19.3
22.6
23.7
24.9
19.1
24.3
17.6
22.8
32.4
19.2
25.7
20.7
18.6
21.8
16.2
20.1
24.3
20.2
16.4
21.8
17.0
18.8
24.0
25.1
22.8
22.3
20.2
18.9
16.5
23.7
20.3
23.8
21.3
17.0
18.9
16.7
18.2
30.6
17.2
22.4
17.0
17.7
26.1
24.4
25.5
18.4
23.7
84.3
18.4
17.8
19.6
17.2
25.2
16.6
21.4
22.8
16.8
16.5
18.6
17.6
22.5
17.2
26.7
20.0
18.7
17.3
23.2
20.9
22.1
17.7
29.4
23.3
32.3
20.7
23.2
16.5
17.4
17.2
21.7
16.6
22.5
24.4
23.6
25.6
19.2
43.4
17.3
17.0
21.9
22.3
18.3
17.6
20.4
18.4
21.9
18.2
25.0
