59.6
58.1
65.8
63.3
57.6
62.3
53.9
56.9
58.2
55.3
65.6
57.4
60.3
52.9
59.3
58.0
58.0
62.3
61.3
64.6
57.7
83.5
63.1
59.3
62.8
55.7
61.2
66.0
60.4
55.6
54.0
61.2
61.3
66.5
63.2
57.4
54.5
58.7
55.5
53.8
61.1
62.1
57.9
56.0
62.5
63.4
61.0
58.9
63.2
62.2
58.8
54.2
57.3
57.8
58.8
56.4
55.6
60.0
59.7
54.8
59.5
68.2
62.4
60.3
57.7
53.8
52.1
58.7
61.1
55.4
55.8
58.8
64.5
60.1
62.9
57.9
56.4
54.4
59.8
56.2
61.7
57.3
53.8
54.6
52.8
55.7
63.9
56.0
59.9
63.8
61.7
55.4
59.1
61.5
57.8
63.6
54.3
63.5
60.0
55.7
