62.2
58.7
58.1
58.1
62.3
62.0
55.4
55.0
55.7
55.3
58.1
56.9
53.3
55.6
55.0
56.2
56.8
61.3
55.2
56.3
93.7
61.1
65.7
57.5
59.2
63.3
55.7
55.0
58.3
67.4
55.3
72.3
59.2
61.9
56.7
57.3
59.0
56.0
56.0
57.9
56.7
57.6
54.6
57.8
56.0
54.8
54.2
57.1
56.3
57.1
61.2
57.1
57.2
55.2
60.5
81.4
62.6
58.2
55.5
56.9
55.8
62.7
56.2
57.3
61.2
57.1
58.2
54.3
56.2
66.9
58.0
68.8
59.5
57.5
59.3
56.2
56.2
57.8
54.6
56.3
57.8
56.2
56.6
57.2
70.8
61.9
59.8
55.6
55.4
56.6
60.5
57.2
58.1
58.3
61.8
58.6
57.4
56.3
54.5
59.9
