54.6
51.6
51.4
55.2
52.7
51.4
53.3
53.8
54.0
52.8
54.3
52.9
52.4
54.9
53.1
51.6
51.7
52.6
53.8
56.2
51.2
54.7
55.8
53.7
50.4
55.8
54.3
63.7
56.2
68.4
49.9
71.5
53.9
53.5
51.8
53.6
52.3
53.6
53.4
95.8
68.9
53.2
61.8
52.5
55.6
54.2
53.3
52.6
52.2
55.3
50.2
50.1
51.9
52.5
51.6
55.3
58.0
52.6
51.5
55.1
50.6
53.8
56.0
54.0
52.1
53.1
51.6
50.8
52.2
54.8
51.9
51.3
53.3
52.5
53.2
51.0
55.4
54.0
49.8
52.0
54.7
53.6
52.3
53.3
51.4
55.1
53.0
55.2
51.4
50.7
51.4
53.9
50.7
51.4
52.2
61.0
54.6
56.3
52.2
56.7
