76.7
76.9
79.8
77.0
76.9
83.4
86.0
85.9
86.0
83.2
79.7
81.0
83.4
83.1
83.4
80.8
86.9
83.1
79.4
79.3
79.7
83.1
77.3
77.2
80.1
79.7
80.4
80.1
83.9
77.4
77.3
80.4
83.1
80.4
80.4
80.5
83.6
83.2
76.6
83.5
76.9
80.5
76.9
76.8
77.3
77.4
76.6
80.9
80.0
80.3
76.8
79.7
83.3
86.1
86.0
80.0
86.1
86.0
83.5
83.6
83.1
83.1
83.3
83.4
83.4
80.3
80.2
83.1
80.6
77.1
77.1
77.1
77.1
83.6
80.5
80.4
76.4
80.9
80.7
80.4
86.4
83.1
76.8
79.9
80.0
76.7
80.5
80.5
80.4
80.0
83.3
83.3
79.9
83.2
83.1
83.1
86.1
86.2
83.5
76.7
