33.4
33.0
32.7
32.8
34.5
33.8
33.5
34.9
34.7
33.6
34.9
33.9
34.8
35.3
34.9
35.4
34.1
33.1
35.6
35.9
33.9
33.7
35.9
34.7
35.7
36.2
34.8
34.4
36.2
34.8
34.5
33.5
33.1
33.1
32.3
33.5
33.7
33.6
34.8
34.6
32.6
34.3
34.2
34.0
34.5
33.7
34.3
32.7
33.6
33.4
36.3
33.3
32.8
33.7
33.2
34.4
33.9
34.5
35.0
34.3
34.2
32.9
34.0
35.2
35.5
35.5
36.1
35.0
34.5
34.3
36.2
35.0
34.7
35.0
35.8
34.9
33.6
36.0
34.2
33.1
34.3
33.0
33.6
34.7
32.8
34.7
34.0
33.5
33.1
33.6
34.2
35.3
34.4
35.2
34.3
34.0
33.8
35.3
35.3
34.6
