18.5
17.4
17.7
17.9
17.9
17.4
17.4
17.8
17.8
17.9
19.8
17.8
19.5
18.7
17.5
17.8
17.7
17.6
19.0
19.1
18.0
18.6
19.5
18.3
19.0
19.4
18.4
18.4
17.7
18.1
18.1
19.1
18.6
17.8
17.5
18.1
18.0
16.9
17.6
18.2
17.5
17.2
18.1
17.7
17.4
17.7
18.0
18.2
18.1
17.5
17.6
17.3
17.3
17.5
16.8
17.0
17.0
17.1
17.8
17.6
17.0
18.0
17.1
17.3
17.9
17.0
17.6
16.5
17.4
17.3
18.1
17.9
17.4
17.9
18.2
17.9
18.3
18.3
19.0
17.1
17.3
19.1
17.5
18.5
17.0
17.7
18.5
17.1
17.7
18.2
18.4
20.0
17.5
17.9
17.2
18.2
17.0
18.0
17.4
18.2
