37.3
34.3
52.4
37.0
41.7
35.0
34.3
34.3
42.6
34.5
35.2
46.1
34.5
34.8
35.0
35.5
34.8
34.7
35.0
35.2
34.9
35.4
34.4
34.6
43.7
35.3
43.6
34.9
34.6
34.7
35.0
34.2
35.1
34.6
34.9
34.4
34.1
34.2
42.4
35.0
34.1
34.6
34.8
34.4
36.1
34.8
34.1
34.6
34.5
34.7
34.7
34.7
34.7
34.8
34.9
34.7
34.7
34.7
34.4
45.0
34.7
35.0
35.1
35.0
34.6
34.9
34.7
34.9
36.0
35.3
35.1
34.8
34.3
34.8
34.9
34.7
34.2
34.7
33.8
35.0
34.2
35.1
34.2
34.1
34.3
34.2
34.6
42.3
34.2
34.8
34.6
34.5
34.1
34.2
34.4
34.5
43.5
34.8
34.4
34.7
