28.9
53.3
37.5
29.0
37.7
36.8
28.6
31.3
37.4
37.2
37.9
37.5
29.5
29.8
28.6
37.0
36.2
37.8
29.7
48.3
37.7
37.0
37.5
36.4
37.7
37.0
39.7
36.6
38.0
37.2
36.7
36.8
37.2
36.3
29.0
36.6
36.6
36.9
46.5
36.2
37.5
36.5
28.2
43.2
36.5
37.6
29.9
28.9
32.8
36.9
36.9
36.7
37.9
28.8
37.3
36.3
29.1
37.6
27.8
36.6
37.3
36.8
37.3
38.2
29.3
29.2
35.9
37.4
37.6
36.0
36.8
28.8
37.3
36.5
35.9
37.5
40.2
36.7
37.3
37.8
37.6
36.7
51.9
36.3
41.7
37.8
68.0
37.3
36.6
37.1
37.3
37.4
36.8
37.2
39.7
28.7
37.3
38.6
27.7
28.1
