46.0
46.3
46.0
47.5
46.1
45.7
44.8
45.5
44.8
37.9
46.2
46.3
46.7
47.3
52.4
45.9
46.4
53.5
45.9
48.0
46.8
46.4
46.2
45.6
46.5
44.2
45.5
47.8
46.5
46.3
45.4
45.6
46.7
45.8
45.3
45.9
46.5
45.4
45.9
44.6
47.3
46.5
46.3
36.9
46.6
46.5
45.5
46.3
45.1
45.8
46.0
46.0
45.8
45.2
45.7
45.7
46.3
37.4
46.1
46.5
46.9
44.1
45.1
48.5
45.3
45.6
44.1
46.1
47.2
53.6
45.5
45.5
44.7
45.4
41.5
46.1
44.3
45.6
44.8
45.8
44.8
45.3
36.8
45.2
46.3
45.4
44.5
45.7
45.5
45.7
45.5
44.6
45.7
45.9
46.3
46.4
46.3
45.6
45.5
45.5
