18.2
16.9
15.4
15.5
15.2
16.2
16.3
15.0
15.7
15.3
16.3
15.2
15.5
15.2
15.4
15.5
15.6
14.8
17.5
19.6
16.4
29.3
15.2
27.0
15.8
15.5
28.8
15.1
15.1
15.0
15.6
14.9
15.2
15.3
14.8
14.8
15.3
15.2
17.2
16.0
16.0
15.4
15.3
15.2
15.4
15.5
15.4
16.2
15.0
15.2
19.6
15.0
15.2
15.2
16.6
15.0
15.1
16.2
15.2
15.7
17.2
16.2
15.6
15.5
15.5
15.2
15.7
15.4
23.8
16.0
20.1
34.9
29.4
15.2
16.4
15.0
15.5
15.8
15.3
15.6
15.0
16.9
16.9
16.8
15.0
15.9
16.0
16.6
15.0
16.3
16.0
15.4
15.9
15.5
15.7
16.0
15.7
19.9
15.7
15.5
