49.1
49.6
46.7
48.1
50.0
47.1
48.8
48.2
51.2
46.9
53.3
49.8
51.0
49.1
49.2
61.5
49.8
47.1
47.1
47.4
46.0
48.6
46.6
49.0
48.0
48.9
48.5
60.2
49.4
59.1
46.2
49.6
48.9
48.9
48.2
48.0
52.4
49.9
47.2
48.2
47.4
47.8
48.8
51.3
47.9
47.1
47.2
47.9
49.6
47.1
47.8
53.5
48.5
46.6
50.6
46.6
47.6
49.1
48.9
49.5
49.9
48.2
48.7
47.0
49.7
47.5
47.5
48.0
51.7
48.8
47.7
48.3
46.5
48.8
52.7
49.4
47.0
47.1
47.1
48.0
47.8
50.5
48.2
47.9
46.2
48.1
48.4
47.4
47.7
47.3
48.1
47.5
48.0
59.1
47.2
47.2
50.9
50.4
47.7
48.4
