51.0
51.9
64.0
52.1
50.6
51.4
50.3
54.8
51.0
51.3
51.2
52.3
53.4
55.1
50.3
51.4
53.0
51.4
49.9
52.2
52.1
50.4
50.9
50.4
50.6
51.6
51.6
76.3
51.7
50.1
63.4
61.3
51.6
51.4
51.9
53.1
51.8
51.5
50.9
50.5
50.8
50.8
51.5
49.9
50.5
53.8
51.8
51.7
50.9
52.4
51.8
50.5
50.3
50.4
50.9
50.7
50.9
52.1
51.4
51.2
51.7
52.5
51.1
51.1
49.3
50.5
51.5
55.5
50.9
49.6
50.4
49.7
52.0
51.0
52.0
53.4
49.5
51.5
58.3
50.7
51.4
53.6
50.1
52.0
50.5
51.0
50.8
51.0
52.1
50.3
51.7
49.8
50.0
49.9
51.0
50.3
50.3
51.8
51.5
50.5
