16.7
17.1
16.8
18.1
18.2
18.4
17.3
16.3
17.9
20.4
17.3
20.1
18.9
18.5
17.0
19.9
17.7
17.1
16.6
18.8
17.2
18.5
16.6
17.6
17.1
18.3
17.8
17.8
17.1
16.8
16.9
17.8
17.6
16.5
16.3
18.3
18.3
18.4
18.8
16.4
17.9
17.1
17.3
18.0
18.2
16.7
19.1
17.3
18.8
17.3
17.1
19.0
18.6
18.2
16.5
18.5
17.6
17.3
17.7
18.0
18.7
16.8
17.7
17.9
18.0
16.8
16.4
19.2
18.7
18.1
17.1
18.1
17.4
18.3
18.9
18.1
18.0
18.4
18.0
18.2
17.5
16.6
18.0
18.6
17.7
17.1
16.8
16.5
17.0
17.3
17.5
18.4
16.6
18.9
16.9
17.2
18.6
18.1
17.2
17.1
