14.0
13.9
14.0
13.9
14.1
13.9
13.9
14.1
14.1
13.9
14.0
14.1
14.0
14.0
14.0
14.0
14.0
13.9
14.0
14.0
14.0
14.0
13.9
13.9
14.1
14.0
13.8
13.9
14.0
14.1
13.9
13.9
13.9
14.0
14.0
13.9
14.0
13.9
13.9
14.1
14.0
14.0
13.9
13.9
14.0
14.0
13.9
13.9
13.9
14.0
14.0
14.0
13.9
14.1
13.9
14.0
14.0
14.1
14.0
13.9
14.0
14.0
14.0
14.2
14.0
14.0
14.0
13.9
13.9
14.0
13.9
14.0
14.1
13.9
14.0
14.0
14.1
13.9
13.9
14.0
14.1
14.1
14.1
13.9
13.9
13.9
13.9
13.9
14.0
14.0
14.0
14.0
13.9
14.0
14.1
14.0
14.0
13.9
14.0
14.1
