14.9
15.4
14.3
15.1
14.6
13.7
14.9
15.2
14.6
15.0
14.0
15.6
14.0
14.8
15.0
17.9
14.6
14.6
14.1
14.8
14.1
14.0
14.4
14.5
15.1
14.7
14.8
14.3
16.0
15.9
15.0
13.8
15.0
15.8
14.8
14.4
14.6
14.3
14.8
14.1
14.6
14.7
15.4
14.5
14.6
14.6
13.8
15.6
13.9
14.4
14.8
14.9
15.7
14.8
14.7
13.9
14.6
14.3
15.0
13.9
14.4
14.8
15.5
14.6
14.3
16.3
14.1
14.7
14.4
14.6
14.1
14.8
15.0
14.6
15.3
14.3
16.2
14.7
15.8
14.7
15.1
14.8
15.3
14.3
14.7
15.1
16.1
15.4
13.8
15.4
15.4
16.8
14.8
14.9
15.1
14.7
15.3
14.2
15.8
15.6
