53.2
40.3
40.7
40.2
40.8
40.3
39.9
39.4
39.5
40.8
40.0
40.4
39.8
40.6
40.8
40.3
39.4
40.9
39.2
38.8
48.4
51.6
39.6
39.6
38.9
40.3
40.7
41.6
63.1
44.8
38.7
39.8
39.1
39.2
39.0
40.3
39.8
40.5
39.0
38.9
40.0
39.5
39.6
40.6
39.0
40.0
39.5
42.2
57.3
40.7
40.1
39.8
40.7
39.2
39.1
39.2
39.7
40.8
40.4
40.1
40.8
39.1
39.4
58.2
39.3
39.9
39.2
54.1
40.1
40.7
40.1
40.0
39.3
39.1
39.2
38.9
40.5
40.4
42.4
40.4
40.5
40.9
39.8
41.5
40.3
39.8
99.2
40.3
40.0
46.0
40.3
40.7
40.4
40.0
39.9
40.1
42.3
38.5
39.2
40.3
