27.1
27.3
31.5
30.7
25.9
24.8
26.4
25.4
27.1
29.1
26.3
25.4
26.0
26.3
27.1
33.2
26.5
23.6
26.1
25.4
23.8
24.6
24.9
25.4
27.1
26.0
23.3
24.2
28.7
27.0
27.0
23.4
25.6
25.5
23.7
26.1
24.2
25.2
24.4
25.7
26.4
38.2
25.2
28.7
25.5
26.0
34.2
25.9
27.1
28.2
28.8
27.3
29.6
23.2
27.0
24.0
25.7
27.0
33.9
26.4
26.1
27.3
23.6
24.8
26.1
28.8
26.7
26.5
25.6
26.0
26.3
23.2
27.0
23.4
25.9
27.2
24.2
26.1
26.6
28.8
23.4
27.2
24.0
26.9
25.6
26.7
36.1
25.4
26.5
29.2
27.1
27.0
28.3
30.3
30.5
28.0
29.6
25.2
25.3
29.6
