38.8
38.1
37.2
39.1
38.5
38.4
39.4
41.6
37.5
38.7
53.8
39.3
40.6
38.0
38.6
41.0
40.3
38.0
46.2
58.2
39.3
37.7
38.7
38.1
39.7
50.3
40.6
40.7
52.5
40.3
41.3
40.7
39.4
39.0
39.0
37.2
37.8
37.4
37.8
37.6
38.0
38.6
38.6
40.7
38.5
37.3
37.6
37.2
38.4
37.5
67.2
48.5
40.9
38.1
37.7
37.9
38.6
39.6
38.4
37.3
37.9
51.1
46.9
38.0
39.2
39.2
38.2
42.2
40.6
55.0
86.1
37.8
38.7
39.1
38.2
37.8
38.3
49.2
38.7
39.2
38.4
39.1
37.7
38.2
39.6
38.7
38.2
38.8
38.0
37.4
37.4
37.1
38.6
61.7
38.8
38.1
47.5
37.9
38.1
39.1
