40.8
41.3
49.5
41.7
42.3
40.6
40.9
41.8
40.7
40.9
40.8
41.5
41.4
41.2
41.5
41.2
40.9
44.4
42.1
41.4
41.4
41.5
41.1
41.0
41.5
40.8
40.9
40.8
41.2
40.9
40.6
40.6
40.9
41.9
42.0
41.2
41.0
40.7
40.9
41.7
41.3
40.5
41.0
41.2
41.0
40.7
40.5
40.7
40.8
40.9
40.7
41.1
42.1
40.6
40.8
40.7
41.2
41.5
40.9
41.0
40.8
41.6
40.8
41.0
41.2
40.9
40.9
43.3
41.2
42.0
40.8
43.5
40.5
41.2
40.6
41.2
40.7
41.4
41.5
42.9
41.0
41.6
40.6
41.4
41.2
41.6
41.1
41.2
40.9
41.0
40.9
41.4
41.6
41.4
40.7
42.3
59.0
40.5
41.2
40.7
