20.7
21.3
21.2
22.1
21.2
22.4
22.5
23.4
29.8
20.7
21.2
21.0
22.0
22.4
22.3
22.3
24.7
22.9
20.6
21.0
22.0
22.5
22.1
21.3
22.2
21.6
21.7
22.3
21.3
20.8
21.6
21.4
22.9
21.5
20.6
22.5
22.7
22.0
21.6
22.7
21.2
21.4
21.8
23.8
24.3
20.8
22.0
21.2
21.4
21.7
22.5
22.5
22.7
21.8
23.7
24.1
22.5
23.8
22.0
21.4
23.3
21.8
23.3
21.1
22.1
22.6
22.4
22.3
22.0
23.0
20.7
20.9
22.0
22.0
22.1
21.4
22.2
20.9
21.3
21.7
21.3
22.1
22.3
21.3
21.2
22.1
22.1
22.2
23.1
22.0
23.1
22.5
20.9
21.0
23.7
30.9
21.2
21.7
21.8
22.0
