52.6
69.9
48.7
54.5
51.5
64.1
47.5
48.5
58.3
50.0
53.0
46.4
57.0
48.7
71.6
52.3
52.8
46.0
58.7
51.4
51.5
54.7
69.9
68.2
49.6
48.9
49.9
49.6
48.1
49.2
68.0
55.6
46.2
54.0
46.6
48.0
49.5
47.6
54.0
48.2
54.2
67.5
49.8
50.8
48.6
50.1
46.5
45.9
70.6
69.3
50.2
52.7
68.5
53.4
46.2
67.2
65.4
45.5
51.5
54.2
47.2
91.7
56.4
51.5
47.4
46.9
67.3
50.6
49.9
48.1
62.7
49.9
53.9
73.8
50.4
46.6
48.5
61.3
51.4
52.6
53.0
51.7
53.0
53.8
50.1
45.0
49.1
58.0
49.7
54.5
48.0
68.6
47.7
49.4
56.7
54.3
45.1
54.1
54.1
50.4
