90.6
90.7
90.6
90.7
90.7
90.7
91.2
90.7
90.7
90.8
90.9
90.8
90.7
90.7
90.7
91.0
90.8
90.5
90.8
91.3
91.2
90.7
90.8
91.9
90.8
90.9
90.7
90.7
90.7
90.8
90.8
90.8
90.5
90.6
90.6
90.6
90.7
90.6
90.8
90.7
90.7
90.6
90.6
90.6
90.5
90.6
90.6
90.7
90.6
90.7
90.8
90.9
90.8
90.7
90.8
91.0
90.9
91.4
90.8
90.8
90.7
91.0
91.5
90.7
90.7
91.3
90.7
90.6
91.2
90.7
90.8
91.2
90.8
90.8
90.6
90.6
90.9
90.8
90.7
90.6
90.7
90.7
90.7
90.8
90.6
90.8
90.5
90.6
90.7
90.6
90.7
90.6
90.6
90.6
90.7
90.7
90.9
90.7
90.7
90.7
