85.7
85.2
85.4
85.3
85.3
85.5
85.3
85.6
86.3
85.4
85.3
85.6
85.2
85.3
85.4
85.4
85.4
85.3
85.2
85.4
85.5
85.3
85.5
85.4
85.4
85.5
85.5
85.5
85.5
85.5
85.8
85.3
85.3
85.3
85.3
85.2
85.4
85.3
85.2
85.6
85.2
85.3
85.3
85.6
85.4
85.4
85.2
85.4
85.3
85.4
85.4
85.4
85.3
85.3
85.2
85.4
85.5
85.4
85.4
85.3
85.5
85.4
85.6
85.3
85.4
85.3
85.5
85.6
85.3
85.6
85.5
85.4
85.3
85.6
85.4
85.3
85.4
85.7
85.4
85.3
85.3
85.2
85.2
85.2
85.3
85.3
85.3
85.2
85.4
85.3
85.4
85.4
85.2
85.3
85.4
85.3
85.4
85.3
85.3
85.3
