94.0
93.9
93.7
93.9
93.9
93.8
93.9
93.9
93.8
93.9
94.1
94.0
93.9
93.8
93.9
93.9
93.9
93.8
93.8
93.9
93.9
94.0
93.9
93.9
93.7
94.0
93.9
93.9
93.8
93.9
93.8
93.8
93.9
93.8
93.9
93.9
94.0
94.0
93.8
93.8
94.0
93.8
94.0
93.9
93.7
93.9
93.9
93.8
93.8
93.8
93.9
93.8
93.8
94.0
94.0
93.8
93.8
94.0
93.9
93.8
94.0
93.9
93.9
93.8
93.8
93.8
93.8
93.9
94.0
94.0
93.9
93.9
94.0
93.9
93.8
93.8
93.8
93.8
93.9
93.8
93.8
93.8
93.9
94.0
94.0
93.9
93.9
93.9
93.8
93.9
93.9
93.8
93.8
93.9
93.9
93.8
94.0
94.0
94.0
94.0
