91.3
91.3
91.2
91.3
91.5
91.4
91.3
91.4
91.3
91.4
91.4
91.5
91.5
91.3
91.3
91.3
91.4
91.2
91.3
91.3
91.3
91.2
91.2
91.2
91.3
91.3
91.3
91.8
91.2
91.2
91.3
91.1
91.3
91.4
91.4
91.4
91.4
91.4
91.3
91.6
91.2
91.3
91.3
91.4
91.3
91.3
91.3
91.3
91.3
91.4
91.4
91.6
91.3
91.2
91.9
91.3
91.4
91.4
93.3
91.4
91.3
91.2
92.1
91.4
91.4
91.3
91.5
91.4
91.4
91.3
91.3
91.3
91.3
91.4
91.3
91.3
91.4
91.4
91.4
91.3
91.3
91.3
91.4
91.4
91.4
91.3
91.3
91.3
91.4
91.4
91.4
92.0
91.3
91.3
91.3
91.5
91.4
91.5
91.3
91.3
