86.0
86.0
86.1
86.1
86.1
86.1
86.1
86.0
86.0
86.0
86.0
86.1
86.0
86.0
86.0
86.0
85.9
86.0
86.1
86.0
86.1
86.0
86.0
86.0
86.1
86.1
85.9
85.9
86.0
86.0
86.0
86.1
86.0
86.0
86.0
86.0
85.9
86.0
86.0
86.0
85.9
85.9
86.1
86.0
86.0
86.1
86.0
86.0
85.9
86.0
86.0
86.0
86.0
86.1
86.0
86.0
85.9
86.0
86.0
86.0
85.9
86.1
86.2
86.0
86.0
86.0
86.1
85.8
86.2
86.0
86.0
86.0
86.0
86.0
85.9
86.1
86.0
86.1
86.1
86.2
86.0
85.9
86.0
86.0
86.0
86.0
86.0
86.0
86.1
86.1
86.3
86.0
86.0
86.1
86.0
86.1
86.0
86.0
86.1
86.2
