79.5
75.5
75.3
75.4
76.5
76.6
79.7
76.5
79.4
79.4
79.6
76.2
75.5
75.4
75.4
79.8
75.3
90.6
75.3
77.0
79.3
75.3
75.3
75.3
75.3
77.5
90.5
75.1
79.4
76.2
79.5
79.5
75.2
90.5
75.4
79.4
75.3
75.2
75.2
77.6
75.5
75.4
77.7
75.4
77.5
75.4
75.3
75.3
77.8
77.1
75.4
75.4
75.2
90.5
77.2
75.3
75.4
77.1
75.3
75.2
79.5
75.1
77.8
79.4
79.4
75.2
75.3
75.2
90.5
90.5
75.1
79.4
75.2
75.4
79.5
76.3
90.5
75.2
90.5
79.3
75.1
75.2
75.4
75.3
75.2
75.4
75.2
75.2
79.4
80.2
75.3
76.2
75.2
90.4
90.7
79.5
75.2
77.2
90.4
79.5
