84.6
84.3
84.7
84.7
84.6
85.2
85.0
84.7
84.9
84.6
84.9
84.1
84.9
85.0
84.3
84.9
84.8
84.7
84.9
84.9
85.1
84.8
84.4
84.7
85.3
85.0
84.3
84.8
85.0
84.7
84.5
84.3
84.7
84.7
84.4
84.9
84.4
84.8
85.5
84.9
85.0
85.0
84.7
84.8
84.7
84.8
84.9
84.6
85.0
84.4
85.0
84.7
84.5
85.1
84.5
84.9
85.0
85.2
84.8
85.0
84.9
84.7
84.7
85.1
84.7
85.0
84.5
85.0
84.3
84.6
84.5
84.5
84.9
85.0
84.5
84.7
84.4
84.7
84.7
84.7
84.5
84.9
85.0
85.0
84.5
85.0
84.8
84.9
84.6
85.2
84.8
85.1
84.9
85.0
85.0
84.9
84.7
84.8
84.5
84.3
