82.8
82.5
82.1
81.9
82.5
82.5
82.8
82.5
82.8
82.4
82.3
82.6
83.8
83.5
83.4
83.4
83.9
84.2
83.8
83.7
84.7
83.9
83.5
83.5
83.4
83.8
83.8
83.6
83.6
83.2
83.5
83.9
83.4
83.7
83.9
83.4
83.6
84.3
83.8
84.0
83.9
83.9
83.3
84.2
83.7
83.8
84.0
83.5
84.0
83.8
84.2
83.9
84.2
84.0
83.9
83.3
83.8
84.1
84.0
83.6
84.3
83.9
83.7
84.1
83.7
84.2
83.7
83.7
83.9
83.9
83.9
83.4
83.5
83.9
83.9
83.8
83.8
83.5
83.9
83.2
84.3
84.0
84.3
86.0
84.1
84.0
84.0
83.7
83.7
83.6
83.4
83.9
83.5
83.8
84.3
83.8
83.7
83.6
84.1
83.9
