86.4
86.6
86.5
86.9
87.0
86.7
87.0
86.9
87.2
87.0
86.5
86.6
86.9
86.5
86.5
86.7
87.2
86.8
86.8
86.8
87.1
86.8
86.6
86.7
86.8
86.5
86.9
87.0
86.9
86.5
86.8
86.9
87.0
87.0
86.8
86.8
86.8
86.8
86.9
86.9
87.1
86.6
86.6
86.9
86.6
87.2
86.9
86.7
87.0
86.8
88.4
86.4
87.0
86.8
86.8
86.8
86.9
86.5
87.6
86.6
86.6
86.7
86.7
87.8
86.7
86.7
86.7
86.5
86.5
86.7
86.5
86.8
87.0
86.5
86.8
87.0
86.6
86.8
86.9
86.6
86.7
86.8
86.8
86.7
87.0
86.6
86.6
86.6
86.7
86.9
86.6
86.8
87.0
86.5
87.0
86.6
86.8
87.0
87.0
87.2
