83.4
83.3
83.2
83.3
83.3
83.3
84.5
83.5
83.5
83.3
83.2
83.2
83.3
83.4
83.4
83.2
83.3
83.2
83.5
83.3
83.2
83.4
83.2
83.2
83.3
83.3
83.3
83.3
83.2
83.3
83.1
83.2
83.3
83.2
83.3
83.2
83.3
83.5
83.2
85.4
83.3
83.1
83.3
83.3
83.5
83.4
83.2
83.2
83.2
84.3
83.4
83.3
83.3
83.3
83.4
83.3
83.3
90.4
83.2
83.2
83.3
83.1
83.2
83.4
83.3
83.2
83.2
83.3
83.1
83.4
83.2
83.2
83.5
83.2
83.2
83.3
83.3
83.3
83.3
83.4
83.2
84.0
83.4
83.6
83.2
83.2
83.3
83.4
83.1
83.2
84.1
83.3
83.3
83.3
83.2
83.4
83.2
83.3
83.4
96.6
