94.2
94.2
94.4
94.2
94.3
94.4
94.2
94.3
94.5
94.3
94.2
94.1
94.5
94.4
94.2
94.4
94.3
94.2
94.3
94.3
94.1
94.2
94.2
94.2
94.3
94.3
94.3
94.2
94.4
94.3
94.2
94.4
94.2
94.3
94.2
94.4
94.3
94.3
94.2
94.3
94.5
94.3
94.2
94.4
94.3
94.2
94.2
94.2
94.2
94.4
95.6
94.4
94.4
94.3
94.4
94.3
94.3
94.3
94.3
94.4
94.3
94.3
94.2
94.1
94.4
94.4
94.4
94.4
94.3
94.3
94.3
94.3
94.3
94.2
94.2
94.3
94.3
94.4
94.2
94.2
94.4
94.3
94.3
94.4
94.4
94.3
94.4
94.3
94.7
94.2
94.2
94.2
94.3
94.2
94.3
94.2
94.4
94.3
94.2
94.2
