14.8
14.3
14.8
13.5
14.0
15.4
13.4
15.6
14.1
14.3
14.2
14.2
42.0
42.2
13.4
12.8
12.6
31.4
21.4
17.1
14.9
14.4
43.1
36.6
37.7
13.8
12.6
14.4
15.8
14.4
13.9
13.6
13.1
14.6
13.2
13.8
12.8
13.9
13.5
13.7
15.1
13.6
13.6
13.3
13.8
13.5
13.7
13.1
26.8
14.1
14.9
13.6
13.2
14.1
13.0
15.0
14.2
13.4
14.5
14.4
13.0
13.5
14.8
13.2
13.6
15.7
22.1
16.0
37.9
13.6
12.6
41.3
13.8
13.9
13.0
12.9
14.3
16.9
12.6
13.0
12.9
13.6
13.6
12.9
14.1
14.2
13.1
13.1
13.2
12.9
14.0
13.6
14.2
34.2
13.7
13.2
13.0
19.5
12.6
14.3
