40.0
39.8
41.8
38.2
36.8
38.4
38.2
41.8
38.3
42.4
41.8
39.8
68.0
53.6
39.0
39.6
37.2
62.8
38.7
46.2
65.3
40.9
69.3
70.3
65.3
40.9
39.8
39.8
37.9
38.6
37.2
39.7
38.0
37.3
38.1
38.9
39.7
39.3
38.6
38.2
39.6
37.5
39.0
37.9
39.1
39.1
57.9
38.1
43.3
42.3
43.3
39.5
39.1
52.6
41.7
40.4
39.9
39.8
40.0
38.9
38.6
40.1
40.5
39.9
39.3
42.6
57.1
39.4
62.4
39.5
38.7
64.0
48.6
39.0
38.2
39.1
38.9
39.4
37.6
38.1
39.1
38.1
37.6
40.0
37.9
39.9
38.4
38.9
39.0
39.2
40.1
38.7
39.0
66.6
40.1
41.9
39.2
38.9
38.7
39.0
