35.2
43.7
32.3
31.6
33.6
31.8
31.2
31.9
33.2
32.8
30.6
33.5
59.1
52.6
30.4
30.0
30.9
49.3
32.9
31.8
31.9
30.9
58.9
59.4
48.8
31.5
29.7
30.6
30.8
31.3
30.3
31.3
30.9
30.6
31.3
30.3
30.2
30.8
30.3
31.3
31.5
30.7
30.5
30.3
30.0
30.4
31.8
31.2
42.2
30.4
31.0
31.1
30.1
36.0
30.5
30.4
32.2
30.9
30.8
31.4
30.8
30.7
17.7
38.0
36.1
43.5
43.6
44.5
68.6
44.9
44.7
71.3
45.0
43.2
44.8
44.0
43.8
44.1
44.7
43.9
44.0
43.5
44.0
43.8
44.3
44.0
43.7
45.7
44.2
43.9
45.3
44.6
44.0
71.7
43.8
43.9
45.1
44.0
44.8
44.5
