34.7
33.9
33.8
33.8
34.7
34.7
34.8
34.7
33.7
33.9
34.7
34.6
34.6
34.8
34.7
34.8
34.7
34.8
34.7
34.7
33.8
34.7
34.7
34.7
33.8
33.8
33.8
33.8
34.7
47.0
46.7
46.7
34.7
33.8
33.9
34.7
34.7
34.8
33.8
33.8
34.7
34.7
34.8
34.7
34.7
34.6
34.7
34.6
34.7
33.9
33.8
34.8
34.7
33.9
34.7
34.6
34.8
34.7
34.7
33.8
33.8
34.7
33.7
33.8
33.8
34.7
33.8
33.8
33.8
34.8
34.7
33.8
33.7
34.6
33.8
34.7
34.6
33.9
34.6
34.7
33.8
34.7
33.7
33.8
33.8
34.6
33.8
34.6
34.6
34.9
34.7
34.8
34.7
34.7
34.8
34.7
34.9
34.7
34.7
34.7
