55.2
59.5
58.1
56.9
62.6
55.0
58.2
61.5
56.1
60.0
59.2
58.5
55.4
53.8
60.2
56.3
66.5
66.3
55.9
55.0
57.9
54.8
66.2
57.1
57.6
56.7
58.7
56.7
61.0
71.2
55.5
69.8
59.5
57.2
55.4
59.1
53.8
57.7
56.0
59.3
56.3
56.8
56.2
53.8
55.3
58.9
56.3
56.8
67.3
57.9
57.6
55.9
54.8
56.1
58.1
59.5
58.7
54.1
59.7
55.0
58.7
56.3
70.7
59.7
58.2
56.3
61.4
59.2
65.5
55.4
60.0
64.5
59.8
59.2
58.7
55.9
57.4
56.9
57.3
61.2
58.3
55.8
55.7
57.0
56.3
55.0
55.1
59.1
58.5
58.2
58.4
57.9
57.9
61.2
59.8
58.5
54.6
57.3
55.1
57.5
