55.1
52.9
51.6
53.9
52.0
55.9
59.9
52.7
51.6
52.9
52.6
53.2
53.4
52.3
54.1
51.6
75.3
51.9
53.9
52.8
52.8
52.2
54.1
53.2
51.2
53.4
64.7
52.0
53.0
65.4
66.3
51.2
52.3
65.6
53.1
52.9
53.4
53.0
52.8
53.3
52.7
52.6
53.5
78.5
52.4
56.1
52.8
52.6
54.9
52.6
54.0
54.6
55.0
51.8
59.8
52.3
51.5
51.8
52.6
51.3
53.6
52.5
52.4
58.2
50.8
52.0
53.4
51.7
52.9
54.5
52.1
53.3
60.8
54.8
52.0
52.6
47.9
50.5
56.2
53.4
58.3
55.2
56.0
52.0
51.5
53.3
52.3
52.8
51.9
64.9
53.9
53.4
51.9
52.5
52.7
54.6
52.0
51.7
54.8
53.2
