41.1
35.3
36.9
38.6
37.5
34.8
36.5
37.4
34.6
35.5
46.4
38.2
34.9
36.2
42.3
35.1
36.8
35.1
35.3
37.1
37.7
38.7
39.5
38.5
36.8
36.8
36.6
36.1
37.3
35.1
36.3
42.9
34.5
35.9
35.3
35.4
36.4
43.9
34.7
35.8
35.9
36.2
37.5
36.4
34.5
37.7
42.1
36.7
38.6
38.3
37.5
37.4
35.8
35.5
39.2
37.9
37.1
37.3
37.9
39.4
40.0
38.9
48.2
43.6
38.7
37.3
37.4
42.6
35.8
37.2
49.8
41.2
37.9
37.4
43.2
35.5
37.1
37.2
35.3
36.1
37.5
35.0
35.5
36.1
36.2
35.0
35.8
36.5
38.9
39.8
34.7
37.0
39.5
38.2
37.4
36.5
36.9
35.2
38.1
37.2
