34.7
33.3
34.5
33.7
32.3
31.1
32.9
33.1
31.1
35.6
32.5
31.3
35.0
34.7
33.7
33.7
32.8
31.4
34.7
32.8
33.6
34.8
39.3
34.5
41.5
33.4
33.5
31.6
33.0
30.8
33.3
32.7
35.3
31.8
31.8
31.8
31.5
31.0
31.8
32.8
32.7
31.9
32.0
31.0
32.4
32.1
33.4
33.0
31.7
46.4
31.8
33.1
32.5
35.2
49.2
33.8
32.0
33.1
34.0
31.0
42.8
31.8
32.0
31.6
32.4
33.1
32.9
32.6
32.7
34.3
33.8
56.1
33.6
32.2
32.6
32.9
46.1
31.7
32.3
55.8
32.0
31.7
30.7
32.5
32.7
31.4
32.0
31.9
46.4
32.2
31.0
34.8
31.2
33.5
33.5
31.8
33.1
31.2
33.3
34.6
