38.3
38.9
44.5
39.5
38.2
40.0
92.1
46.6
43.9
40.0
37.8
44.8
38.3
38.7
40.9
39.6
57.8
38.7
38.5
39.0
40.4
38.3
38.7
39.9
37.9
38.1
38.1
38.3
33.0
39.1
46.1
37.1
36.4
37.1
37.2
36.8
37.3
37.4
38.2
43.9
38.6
37.7
49.6
37.2
38.2
38.1
37.2
61.2
42.7
39.0
40.9
38.4
38.4
37.8
38.4
38.1
38.5
38.4
46.5
38.3
38.6
39.4
38.2
38.5
40.1
37.5
38.5
38.3
38.7
50.9
38.3
49.9
38.0
37.0
46.2
37.8
37.6
46.1
47.8
38.0
37.0
38.3
38.4
44.3
38.2
41.2
44.2
43.2
37.8
39.3
37.3
38.0
38.6
38.6
38.3
36.9
36.9
43.8
38.3
37.7
